[ 2016-07-24T13:58:06+08:00 ] 219.140.80.187 /test/JBF/Sale
INFO: [ app_init ] --START--
INFO: Run Behavior\BuildLiteBehavior [ RunTime:0.000000s ]
INFO: [ app_init ] --END-- [ RunTime:0.001000s ]
INFO: [ app_begin ] --START--
INFO: Run Behavior\ReadHtmlCacheBehavior [ RunTime:0.002000s ]
INFO: [ app_begin ] --END-- [ RunTime:0.002000s ]
NOTIC: [8] Undefined index: saledate D:\Tools\phpStudy\WWW\test\Application\JBF\Controller\SaleController.class.php 第 11 行.
NOTIC: [2] sqlsrv_close() expects parameter 1 to be resource, null given D:\Tools\phpStudy\WWW\test\Application\Common\Tools\ConnMssqlDB.class.php 第 43 行.
NOTIC: [2] Missing argument 1 for Think\Controller::show(), called in D:\Tools\phpStudy\WWW\test\Application\JBF\Controller\SaleController.class.php on line 79 and defined D:\Tools\phpStudy\WWW\test\ThinkPHP\Library\Think\Controller.class.php 第 68 行.
NOTIC: [8] Undefined variable: content D:\Tools\phpStudy\WWW\test\ThinkPHP\Library\Think\Controller.class.php 第 69 行.
INFO: [ view_parse ] --START--
INFO: [ template_filter ] --START--
INFO: Run Behavior\ContentReplaceBehavior [ RunTime:0.000000s ]
INFO: [ template_filter ] --END-- [ RunTime:0.000000s ]
INFO: Run Behavior\ParseTemplateBehavior [ RunTime:0.026001s ]
INFO: [ view_parse ] --END-- [ RunTime:0.026001s ]
INFO: [ view_filter ] --START--
INFO: Run Behavior\WriteHtmlCacheBehavior [ RunTime:0.001000s ]
INFO: [ view_filter ] --END-- [ RunTime:0.001000s ]
INFO: [ app_end ] --START--
INFO: Run Behavior\ShowPageTraceBehavior [ RunTime:0.001000s ]
INFO: [ app_end ] --END-- [ RunTime:0.001000s ]

[ 2016-07-24T14:12:32+08:00 ] 219.140.80.187 /test/index.php/JBF/Sale/index.html
INFO: [ app_init ] --START--
INFO: Run Behavior\BuildLiteBehavior [ RunTime:0.000000s ]
INFO: [ app_init ] --END-- [ RunTime:0.001000s ]
INFO: [ app_begin ] --START--
INFO: Run Behavior\ReadHtmlCacheBehavior [ RunTime:0.002000s ]
INFO: [ app_begin ] --END-- [ RunTime:0.002000s ]
NOTIC: [2] sqlsrv_close() expects parameter 1 to be resource, null given D:\Tools\phpStudy\WWW\test\Application\Common\Tools\ConnMssqlDB.class.php 第 43 行.
NOTIC: [2] Missing argument 1 for Think\Controller::show(), called in D:\Tools\phpStudy\WWW\test\Application\JBF\Controller\SaleController.class.php on line 79 and defined D:\Tools\phpStudy\WWW\test\ThinkPHP\Library\Think\Controller.class.php 第 68 行.
NOTIC: [8] Undefined variable: content D:\Tools\phpStudy\WWW\test\ThinkPHP\Library\Think\Controller.class.php 第 69 行.
INFO: [ view_parse ] --START--
INFO: [ template_filter ] --START--
INFO: Run Behavior\ContentReplaceBehavior [ RunTime:0.000000s ]
INFO: [ template_filter ] --END-- [ RunTime:0.000000s ]
INFO: Run Behavior\ParseTemplateBehavior [ RunTime:0.026002s ]
INFO: [ view_parse ] --END-- [ RunTime:0.026002s ]
INFO: [ view_filter ] --START--
INFO: Run Behavior\WriteHtmlCacheBehavior [ RunTime:0.001000s ]
INFO: [ view_filter ] --END-- [ RunTime:0.001000s ]
INFO: [ app_end ] --START--
INFO: Run Behavior\ShowPageTraceBehavior [ RunTime:0.001000s ]
INFO: [ app_end ] --END-- [ RunTime:0.001000s ]

[ 2016-07-24T16:14:44+08:00 ] 219.140.80.187 /test/JBF/Sale
INFO: [ app_init ] --START--
INFO: Run Behavior\BuildLiteBehavior [ RunTime:0.000000s ]
INFO: [ app_init ] --END-- [ RunTime:0.001000s ]
INFO: [ app_begin ] --START--
INFO: Run Behavior\ReadHtmlCacheBehavior [ RunTime:0.001000s ]
INFO: [ app_begin ] --END-- [ RunTime:0.001000s ]
NOTIC: [8] Undefined index: saledate D:\Tools\phpStudy\WWW\test\Application\JBF\Controller\SaleController.class.php 第 11 行.
NOTIC: [2] sqlsrv_close() expects parameter 1 to be resource, null given D:\Tools\phpStudy\WWW\test\Application\Common\Tools\ConnMssqlDB.class.php 第 43 行.
NOTIC: [2] Missing argument 1 for Think\Controller::show(), called in D:\Tools\phpStudy\WWW\test\Application\JBF\Controller\SaleController.class.php on line 79 and defined D:\Tools\phpStudy\WWW\test\ThinkPHP\Library\Think\Controller.class.php 第 68 行.
NOTIC: [8] Undefined variable: content D:\Tools\phpStudy\WWW\test\ThinkPHP\Library\Think\Controller.class.php 第 69 行.
INFO: [ view_parse ] --START--
INFO: [ template_filter ] --START--
INFO: Run Behavior\ContentReplaceBehavior [ RunTime:0.001000s ]
INFO: [ template_filter ] --END-- [ RunTime:0.001000s ]
INFO: Run Behavior\ParseTemplateBehavior [ RunTime:0.025001s ]
INFO: [ view_parse ] --END-- [ RunTime:0.025001s ]
INFO: [ view_filter ] --START--
INFO: Run Behavior\WriteHtmlCacheBehavior [ RunTime:0.001000s ]
INFO: [ view_filter ] --END-- [ RunTime:0.001000s ]
INFO: [ app_end ] --START--
INFO: Run Behavior\ShowPageTraceBehavior [ RunTime:0.001000s ]
INFO: [ app_end ] --END-- [ RunTime:0.001000s ]

[ 2016-07-24T17:57:14+08:00 ] 171.82.182.251 /test/JBF/Sale
INFO: [ app_init ] --START--
INFO: Run Behavior\BuildLiteBehavior [ RunTime:0.000000s ]
INFO: [ app_init ] --END-- [ RunTime:0.001000s ]
INFO: [ app_begin ] --START--
INFO: Run Behavior\ReadHtmlCacheBehavior [ RunTime:0.002000s ]
INFO: [ app_begin ] --END-- [ RunTime:0.002000s ]
NOTIC: [8] Undefined index: saledate D:\Tools\phpStudy\WWW\test\Application\JBF\Controller\SaleController.class.php 第 11 行.
NOTIC: [2] sqlsrv_close() expects parameter 1 to be resource, null given D:\Tools\phpStudy\WWW\test\Application\Common\Tools\ConnMssqlDB.class.php 第 43 行.
NOTIC: [2] Missing argument 1 for Think\Controller::show(), called in D:\Tools\phpStudy\WWW\test\Application\JBF\Controller\SaleController.class.php on line 79 and defined D:\Tools\phpStudy\WWW\test\ThinkPHP\Library\Think\Controller.class.php 第 68 行.
NOTIC: [8] Undefined variable: content D:\Tools\phpStudy\WWW\test\ThinkPHP\Library\Think\Controller.class.php 第 69 行.
INFO: [ view_parse ] --START--
INFO: [ template_filter ] --START--
INFO: Run Behavior\ContentReplaceBehavior [ RunTime:0.000000s ]
INFO: [ template_filter ] --END-- [ RunTime:0.000000s ]
INFO: Run Behavior\ParseTemplateBehavior [ RunTime:0.026001s ]
INFO: [ view_parse ] --END-- [ RunTime:0.026001s ]
INFO: [ view_filter ] --START--
INFO: Run Behavior\WriteHtmlCacheBehavior [ RunTime:0.001000s ]
INFO: [ view_filter ] --END-- [ RunTime:0.001000s ]
INFO: [ app_end ] --START--
INFO: Run Behavior\ShowPageTraceBehavior [ RunTime:0.001000s ]
INFO: [ app_end ] --END-- [ RunTime:0.002000s ]

[ 2016-07-24T18:43:39+08:00 ] 171.82.182.251 /test/JBF/Sale
INFO: [ app_init ] --START--
INFO: Run Behavior\BuildLiteBehavior [ RunTime:0.000000s ]
INFO: [ app_init ] --END-- [ RunTime:0.001000s ]
INFO: [ app_begin ] --START--
INFO: Run Behavior\ReadHtmlCacheBehavior [ RunTime:0.001000s ]
INFO: [ app_begin ] --END-- [ RunTime:0.001000s ]
NOTIC: [8] Undefined index: saledate D:\Tools\phpStudy\WWW\test\Application\JBF\Controller\SaleController.class.php 第 11 行.
NOTIC: [2] sqlsrv_close() expects parameter 1 to be resource, null given D:\Tools\phpStudy\WWW\test\Application\Common\Tools\ConnMssqlDB.class.php 第 43 行.
NOTIC: [2] Missing argument 1 for Think\Controller::show(), called in D:\Tools\phpStudy\WWW\test\Application\JBF\Controller\SaleController.class.php on line 79 and defined D:\Tools\phpStudy\WWW\test\ThinkPHP\Library\Think\Controller.class.php 第 68 行.
NOTIC: [8] Undefined variable: content D:\Tools\phpStudy\WWW\test\ThinkPHP\Library\Think\Controller.class.php 第 69 行.
INFO: [ view_parse ] --START--
INFO: [ template_filter ] --START--
INFO: Run Behavior\ContentReplaceBehavior [ RunTime:0.001000s ]
INFO: [ template_filter ] --END-- [ RunTime:0.001000s ]
INFO: Run Behavior\ParseTemplateBehavior [ RunTime:0.025002s ]
INFO: [ view_parse ] --END-- [ RunTime:0.025002s ]
INFO: [ view_filter ] --START--
INFO: Run Behavior\WriteHtmlCacheBehavior [ RunTime:0.001000s ]
INFO: [ view_filter ] --END-- [ RunTime:0.001000s ]
INFO: [ app_end ] --START--
INFO: Run Behavior\ShowPageTraceBehavior [ RunTime:0.001000s ]
INFO: [ app_end ] --END-- [ RunTime:0.001000s ]

