[ 2016-09-21T10:28:15+08:00 ] 171.82.226.43 /test/index.php/JBF/Sale/index.html
INFO: [ app_init ] --START--
INFO: Run Behavior\BuildLiteBehavior [ RunTime:0.000000s ]
INFO: [ app_init ] --END-- [ RunTime:0.001000s ]
INFO: [ app_begin ] --START--
INFO: Run Behavior\ReadHtmlCacheBehavior [ RunTime:0.002000s ]
INFO: [ app_begin ] --END-- [ RunTime:0.002000s ]
NOTIC: [8] Undefined index: saledate D:\Tools\phpStudy\WWW\test\Application\JBF\Controller\SaleController.class.php 第 11 行.
NOTIC: [2] sqlsrv_close() expects parameter 1 to be resource, null given D:\Tools\phpStudy\WWW\test\Application\Common\Tools\ConnMssqlDB.class.php 第 43 行.
NOTIC: [2] Missing argument 1 for Think\Controller::show(), called in D:\Tools\phpStudy\WWW\test\Application\JBF\Controller\SaleController.class.php on line 79 and defined D:\Tools\phpStudy\WWW\test\ThinkPHP\Library\Think\Controller.class.php 第 68 行.
NOTIC: [8] Undefined variable: content D:\Tools\phpStudy\WWW\test\ThinkPHP\Library\Think\Controller.class.php 第 69 行.
INFO: [ view_parse ] --START--
INFO: [ template_filter ] --START--
INFO: Run Behavior\ContentReplaceBehavior [ RunTime:0.000000s ]
INFO: [ template_filter ] --END-- [ RunTime:0.000000s ]
INFO: Run Behavior\ParseTemplateBehavior [ RunTime:0.018001s ]
INFO: [ view_parse ] --END-- [ RunTime:0.019002s ]
INFO: [ view_filter ] --START--
INFO: Run Behavior\WriteHtmlCacheBehavior [ RunTime:0.000000s ]
INFO: [ view_filter ] --END-- [ RunTime:0.001000s ]
INFO: [ app_end ] --START--
INFO: Run Behavior\ShowPageTraceBehavior [ RunTime:0.001000s ]
INFO: [ app_end ] --END-- [ RunTime:0.001000s ]

[ 2016-09-21T10:53:19+08:00 ] 171.82.226.43 /test/index.php/JBF/Sale/index.html
INFO: [ app_init ] --START--
INFO: Run Behavior\BuildLiteBehavior [ RunTime:0.000000s ]
INFO: [ app_init ] --END-- [ RunTime:0.001000s ]
INFO: [ app_begin ] --START--
INFO: Run Behavior\ReadHtmlCacheBehavior [ RunTime:0.002000s ]
INFO: [ app_begin ] --END-- [ RunTime:0.002000s ]
NOTIC: [8] Undefined index: saledate D:\Tools\phpStudy\WWW\test\Application\JBF\Controller\SaleController.class.php 第 11 行.
NOTIC: [2] sqlsrv_close() expects parameter 1 to be resource, null given D:\Tools\phpStudy\WWW\test\Application\Common\Tools\ConnMssqlDB.class.php 第 43 行.
NOTIC: [2] Missing argument 1 for Think\Controller::show(), called in D:\Tools\phpStudy\WWW\test\Application\JBF\Controller\SaleController.class.php on line 79 and defined D:\Tools\phpStudy\WWW\test\ThinkPHP\Library\Think\Controller.class.php 第 68 行.
NOTIC: [8] Undefined variable: content D:\Tools\phpStudy\WWW\test\ThinkPHP\Library\Think\Controller.class.php 第 69 行.
INFO: [ view_parse ] --START--
INFO: [ template_filter ] --START--
INFO: Run Behavior\ContentReplaceBehavior [ RunTime:0.000000s ]
INFO: [ template_filter ] --END-- [ RunTime:0.000000s ]
INFO: Run Behavior\ParseTemplateBehavior [ RunTime:0.018001s ]
INFO: [ view_parse ] --END-- [ RunTime:0.018001s ]
INFO: [ view_filter ] --START--
INFO: Run Behavior\WriteHtmlCacheBehavior [ RunTime:0.001000s ]
INFO: [ view_filter ] --END-- [ RunTime:0.001000s ]
INFO: [ app_end ] --START--
INFO: Run Behavior\ShowPageTraceBehavior [ RunTime:0.002000s ]
INFO: [ app_end ] --END-- [ RunTime:0.002000s ]

[ 2016-09-21T10:53:26+08:00 ] 171.82.226.43 /test/index.php/JBF/Material/index.html
INFO: [ app_init ] --START--
INFO: Run Behavior\BuildLiteBehavior [ RunTime:0.000000s ]
INFO: [ app_init ] --END-- [ RunTime:0.001000s ]
INFO: [ app_begin ] --START--
INFO: Run Behavior\ReadHtmlCacheBehavior [ RunTime:0.002000s ]
INFO: [ app_begin ] --END-- [ RunTime:0.002000s ]
NOTIC: [8] Undefined index: saledate D:\Tools\phpStudy\WWW\test\Application\JBF\Controller\MaterialController.class.php 第 8 行.
NOTIC: [2] sqlsrv_close() expects parameter 1 to be resource, null given D:\Tools\phpStudy\WWW\test\Application\Common\Tools\ConnMssqlDB.class.php 第 43 行.
NOTIC: [2] Missing argument 1 for Think\Controller::show(), called in D:\Tools\phpStudy\WWW\test\Application\JBF\Controller\MaterialController.class.php on line 54 and defined D:\Tools\phpStudy\WWW\test\ThinkPHP\Library\Think\Controller.class.php 第 68 行.
NOTIC: [8] Undefined variable: content D:\Tools\phpStudy\WWW\test\ThinkPHP\Library\Think\Controller.class.php 第 69 行.
INFO: [ view_parse ] --START--
INFO: [ template_filter ] --START--
INFO: Run Behavior\ContentReplaceBehavior [ RunTime:0.001000s ]
INFO: [ template_filter ] --END-- [ RunTime:0.001000s ]
INFO: Run Behavior\ParseTemplateBehavior [ RunTime:0.028002s ]
INFO: [ view_parse ] --END-- [ RunTime:0.028002s ]
INFO: [ view_filter ] --START--
INFO: Run Behavior\WriteHtmlCacheBehavior [ RunTime:0.000000s ]
INFO: [ view_filter ] --END-- [ RunTime:0.001000s ]
INFO: [ app_end ] --START--
INFO: Run Behavior\ShowPageTraceBehavior [ RunTime:0.001000s ]
INFO: [ app_end ] --END-- [ RunTime:0.001000s ]

[ 2016-09-21T10:53:31+08:00 ] 171.82.226.43 /test/index.php/JBF/Index/index.html
INFO: [ app_init ] --START--
INFO: Run Behavior\BuildLiteBehavior [ RunTime:0.000000s ]
INFO: [ app_init ] --END-- [ RunTime:0.001000s ]
INFO: [ app_begin ] --START--
INFO: Run Behavior\ReadHtmlCacheBehavior [ RunTime:0.002000s ]
INFO: [ app_begin ] --END-- [ RunTime:0.002000s ]

[ 2016-09-21T10:53:31+08:00 ] 171.82.226.43 /test/index.php/JBF/Sale/index.html
INFO: [ app_init ] --START--
INFO: Run Behavior\BuildLiteBehavior [ RunTime:0.000000s ]
INFO: [ app_init ] --END-- [ RunTime:0.001000s ]
INFO: [ app_begin ] --START--
INFO: Run Behavior\ReadHtmlCacheBehavior [ RunTime:0.001000s ]
INFO: [ app_begin ] --END-- [ RunTime:0.001000s ]
NOTIC: [8] Undefined index: saledate D:\Tools\phpStudy\WWW\test\Application\JBF\Controller\SaleController.class.php 第 11 行.
NOTIC: [2] sqlsrv_close() expects parameter 1 to be resource, null given D:\Tools\phpStudy\WWW\test\Application\Common\Tools\ConnMssqlDB.class.php 第 43 行.
NOTIC: [2] Missing argument 1 for Think\Controller::show(), called in D:\Tools\phpStudy\WWW\test\Application\JBF\Controller\SaleController.class.php on line 79 and defined D:\Tools\phpStudy\WWW\test\ThinkPHP\Library\Think\Controller.class.php 第 68 行.
NOTIC: [8] Undefined variable: content D:\Tools\phpStudy\WWW\test\ThinkPHP\Library\Think\Controller.class.php 第 69 行.
INFO: [ view_parse ] --START--
INFO: [ template_filter ] --START--
INFO: Run Behavior\ContentReplaceBehavior [ RunTime:0.000000s ]
INFO: [ template_filter ] --END-- [ RunTime:0.000000s ]
INFO: Run Behavior\ParseTemplateBehavior [ RunTime:0.018001s ]
INFO: [ view_parse ] --END-- [ RunTime:0.018001s ]
INFO: [ view_filter ] --START--
INFO: Run Behavior\WriteHtmlCacheBehavior [ RunTime:0.001000s ]
INFO: [ view_filter ] --END-- [ RunTime:0.001000s ]
INFO: [ app_end ] --START--
INFO: Run Behavior\ShowPageTraceBehavior [ RunTime:0.001000s ]
INFO: [ app_end ] --END-- [ RunTime:0.002000s ]

[ 2016-09-21T11:02:40+08:00 ] 171.82.226.43 /test/index.php/JBF/Sale/index.html
INFO: [ app_init ] --START--
INFO: Run Behavior\BuildLiteBehavior [ RunTime:0.000000s ]
INFO: [ app_init ] --END-- [ RunTime:0.001000s ]
INFO: [ app_begin ] --START--
INFO: Run Behavior\ReadHtmlCacheBehavior [ RunTime:0.001000s ]
INFO: [ app_begin ] --END-- [ RunTime:0.001000s ]
NOTIC: [8] Undefined index: saledate D:\Tools\phpStudy\WWW\test\Application\JBF\Controller\SaleController.class.php 第 11 行.
NOTIC: [2] sqlsrv_close() expects parameter 1 to be resource, null given D:\Tools\phpStudy\WWW\test\Application\Common\Tools\ConnMssqlDB.class.php 第 43 行.
NOTIC: [2] Missing argument 1 for Think\Controller::show(), called in D:\Tools\phpStudy\WWW\test\Application\JBF\Controller\SaleController.class.php on line 79 and defined D:\Tools\phpStudy\WWW\test\ThinkPHP\Library\Think\Controller.class.php 第 68 行.
NOTIC: [8] Undefined variable: content D:\Tools\phpStudy\WWW\test\ThinkPHP\Library\Think\Controller.class.php 第 69 行.
INFO: [ view_parse ] --START--
INFO: [ template_filter ] --START--
INFO: Run Behavior\ContentReplaceBehavior [ RunTime:0.001000s ]
INFO: [ template_filter ] --END-- [ RunTime:0.001000s ]
INFO: Run Behavior\ParseTemplateBehavior [ RunTime:0.018001s ]
INFO: [ view_parse ] --END-- [ RunTime:0.018001s ]
INFO: [ view_filter ] --START--
INFO: Run Behavior\WriteHtmlCacheBehavior [ RunTime:0.001000s ]
INFO: [ view_filter ] --END-- [ RunTime:0.001000s ]
INFO: [ app_end ] --START--
INFO: Run Behavior\ShowPageTraceBehavior [ RunTime:0.002000s ]
INFO: [ app_end ] --END-- [ RunTime:0.002000s ]

[ 2016-09-21T11:22:23+08:00 ] 171.82.226.43 /test/index.php/JBF/Sale/index.html
INFO: [ app_init ] --START--
INFO: Run Behavior\BuildLiteBehavior [ RunTime:0.000000s ]
INFO: [ app_init ] --END-- [ RunTime:0.001000s ]
INFO: [ app_begin ] --START--
INFO: Run Behavior\ReadHtmlCacheBehavior [ RunTime:0.002000s ]
INFO: [ app_begin ] --END-- [ RunTime:0.002000s ]
NOTIC: [8] Undefined index: saledate D:\Tools\phpStudy\WWW\test\Application\JBF\Controller\SaleController.class.php 第 11 行.
NOTIC: [2] sqlsrv_close() expects parameter 1 to be resource, null given D:\Tools\phpStudy\WWW\test\Application\Common\Tools\ConnMssqlDB.class.php 第 43 行.
NOTIC: [2] Missing argument 1 for Think\Controller::show(), called in D:\Tools\phpStudy\WWW\test\Application\JBF\Controller\SaleController.class.php on line 79 and defined D:\Tools\phpStudy\WWW\test\ThinkPHP\Library\Think\Controller.class.php 第 68 行.
NOTIC: [8] Undefined variable: content D:\Tools\phpStudy\WWW\test\ThinkPHP\Library\Think\Controller.class.php 第 69 行.
INFO: [ view_parse ] --START--
INFO: [ template_filter ] --START--
INFO: Run Behavior\ContentReplaceBehavior [ RunTime:0.000000s ]
INFO: [ template_filter ] --END-- [ RunTime:0.001000s ]
INFO: Run Behavior\ParseTemplateBehavior [ RunTime:0.025002s ]
INFO: [ view_parse ] --END-- [ RunTime:0.025002s ]
INFO: [ view_filter ] --START--
INFO: Run Behavior\WriteHtmlCacheBehavior [ RunTime:0.001000s ]
INFO: [ view_filter ] --END-- [ RunTime:0.001000s ]
INFO: [ app_end ] --START--
INFO: Run Behavior\ShowPageTraceBehavior [ RunTime:0.001000s ]
INFO: [ app_end ] --END-- [ RunTime:0.001000s ]

[ 2016-09-21T18:08:31+08:00 ] 171.82.226.43 /test/index.php/JBF/Sale/index.html
INFO: [ app_init ] --START--
INFO: Run Behavior\BuildLiteBehavior [ RunTime:0.000000s ]
INFO: [ app_init ] --END-- [ RunTime:0.001000s ]
INFO: [ app_begin ] --START--
INFO: Run Behavior\ReadHtmlCacheBehavior [ RunTime:0.001000s ]
INFO: [ app_begin ] --END-- [ RunTime:0.002000s ]
NOTIC: [8] Undefined index: saledate D:\Tools\phpStudy\WWW\test\Application\JBF\Controller\SaleController.class.php 第 11 行.
NOTIC: [2] sqlsrv_close() expects parameter 1 to be resource, null given D:\Tools\phpStudy\WWW\test\Application\Common\Tools\ConnMssqlDB.class.php 第 43 行.
NOTIC: [2] Missing argument 1 for Think\Controller::show(), called in D:\Tools\phpStudy\WWW\test\Application\JBF\Controller\SaleController.class.php on line 79 and defined D:\Tools\phpStudy\WWW\test\ThinkPHP\Library\Think\Controller.class.php 第 68 行.
NOTIC: [8] Undefined variable: content D:\Tools\phpStudy\WWW\test\ThinkPHP\Library\Think\Controller.class.php 第 69 行.
INFO: [ view_parse ] --START--
INFO: [ template_filter ] --START--
INFO: Run Behavior\ContentReplaceBehavior [ RunTime:0.000000s ]
INFO: [ template_filter ] --END-- [ RunTime:0.000000s ]
INFO: Run Behavior\ParseTemplateBehavior [ RunTime:0.019002s ]
INFO: [ view_parse ] --END-- [ RunTime:0.019002s ]
INFO: [ view_filter ] --START--
INFO: Run Behavior\WriteHtmlCacheBehavior [ RunTime:0.001000s ]
INFO: [ view_filter ] --END-- [ RunTime:0.001000s ]
INFO: [ app_end ] --START--
INFO: Run Behavior\ShowPageTraceBehavior [ RunTime:0.001000s ]
INFO: [ app_end ] --END-- [ RunTime:0.001000s ]

[ 2016-09-21T18:22:31+08:00 ] 171.82.226.43 /test/index.php/JBF/Sale/index.html
INFO: [ app_init ] --START--
INFO: Run Behavior\BuildLiteBehavior [ RunTime:0.000000s ]
INFO: [ app_init ] --END-- [ RunTime:0.001000s ]
INFO: [ app_begin ] --START--
INFO: Run Behavior\ReadHtmlCacheBehavior [ RunTime:0.001000s ]
INFO: [ app_begin ] --END-- [ RunTime:0.001000s ]
NOTIC: [8] Undefined index: saledate D:\Tools\phpStudy\WWW\test\Application\JBF\Controller\SaleController.class.php 第 11 行.
NOTIC: [2] sqlsrv_close() expects parameter 1 to be resource, null given D:\Tools\phpStudy\WWW\test\Application\Common\Tools\ConnMssqlDB.class.php 第 43 行.
NOTIC: [2] Missing argument 1 for Think\Controller::show(), called in D:\Tools\phpStudy\WWW\test\Application\JBF\Controller\SaleController.class.php on line 79 and defined D:\Tools\phpStudy\WWW\test\ThinkPHP\Library\Think\Controller.class.php 第 68 行.
NOTIC: [8] Undefined variable: content D:\Tools\phpStudy\WWW\test\ThinkPHP\Library\Think\Controller.class.php 第 69 行.
INFO: [ view_parse ] --START--
INFO: [ template_filter ] --START--
INFO: Run Behavior\ContentReplaceBehavior [ RunTime:0.000000s ]
INFO: [ template_filter ] --END-- [ RunTime:0.000000s ]
INFO: Run Behavior\ParseTemplateBehavior [ RunTime:0.022002s ]
INFO: [ view_parse ] --END-- [ RunTime:0.022002s ]
INFO: [ view_filter ] --START--
INFO: Run Behavior\WriteHtmlCacheBehavior [ RunTime:0.001000s ]
INFO: [ view_filter ] --END-- [ RunTime:0.001000s ]
INFO: [ app_end ] --START--
INFO: Run Behavior\ShowPageTraceBehavior [ RunTime:0.002000s ]
INFO: [ app_end ] --END-- [ RunTime:0.002000s ]

[ 2016-09-21T19:14:27+08:00 ] 171.82.174.119 /test/index.php/JBF/Sale/index.html
INFO: [ app_init ] --START--
INFO: Run Behavior\BuildLiteBehavior [ RunTime:0.000000s ]
INFO: [ app_init ] --END-- [ RunTime:0.001000s ]
INFO: [ app_begin ] --START--
INFO: Run Behavior\ReadHtmlCacheBehavior [ RunTime:0.001000s ]
INFO: [ app_begin ] --END-- [ RunTime:0.001000s ]
NOTIC: [8] Undefined index: saledate D:\Tools\phpStudy\WWW\test\Application\JBF\Controller\SaleController.class.php 第 11 行.
NOTIC: [2] sqlsrv_close() expects parameter 1 to be resource, null given D:\Tools\phpStudy\WWW\test\Application\Common\Tools\ConnMssqlDB.class.php 第 43 行.
NOTIC: [2] Missing argument 1 for Think\Controller::show(), called in D:\Tools\phpStudy\WWW\test\Application\JBF\Controller\SaleController.class.php on line 79 and defined D:\Tools\phpStudy\WWW\test\ThinkPHP\Library\Think\Controller.class.php 第 68 行.
NOTIC: [8] Undefined variable: content D:\Tools\phpStudy\WWW\test\ThinkPHP\Library\Think\Controller.class.php 第 69 行.
INFO: [ view_parse ] --START--
INFO: [ template_filter ] --START--
INFO: Run Behavior\ContentReplaceBehavior [ RunTime:0.000000s ]
INFO: [ template_filter ] --END-- [ RunTime:0.000000s ]
INFO: Run Behavior\ParseTemplateBehavior [ RunTime:0.043003s ]
INFO: [ view_parse ] --END-- [ RunTime:0.043003s ]
INFO: [ view_filter ] --START--
INFO: Run Behavior\WriteHtmlCacheBehavior [ RunTime:0.002000s ]
INFO: [ view_filter ] --END-- [ RunTime:0.002000s ]
INFO: [ app_end ] --START--
INFO: Run Behavior\ShowPageTraceBehavior [ RunTime:0.002000s ]
INFO: [ app_end ] --END-- [ RunTime:0.002000s ]

[ 2016-09-21T19:25:30+08:00 ] 171.82.174.119 /test/index.php/JBF/Sale/index.html
INFO: [ app_init ] --START--
INFO: Run Behavior\BuildLiteBehavior [ RunTime:0.000000s ]
INFO: [ app_init ] --END-- [ RunTime:0.003000s ]
INFO: [ app_begin ] --START--
INFO: Run Behavior\ReadHtmlCacheBehavior [ RunTime:0.002000s ]
INFO: [ app_begin ] --END-- [ RunTime:0.003000s ]
NOTIC: [8] Undefined index: saledate D:\Tools\phpStudy\WWW\test\Application\JBF\Controller\SaleController.class.php 第 11 行.
NOTIC: [2] sqlsrv_close() expects parameter 1 to be resource, null given D:\Tools\phpStudy\WWW\test\Application\Common\Tools\ConnMssqlDB.class.php 第 43 行.
NOTIC: [2] Missing argument 1 for Think\Controller::show(), called in D:\Tools\phpStudy\WWW\test\Application\JBF\Controller\SaleController.class.php on line 79 and defined D:\Tools\phpStudy\WWW\test\ThinkPHP\Library\Think\Controller.class.php 第 68 行.
NOTIC: [8] Undefined variable: content D:\Tools\phpStudy\WWW\test\ThinkPHP\Library\Think\Controller.class.php 第 69 行.
INFO: [ view_parse ] --START--
INFO: [ template_filter ] --START--
INFO: Run Behavior\ContentReplaceBehavior [ RunTime:0.000000s ]
INFO: [ template_filter ] --END-- [ RunTime:0.000000s ]
INFO: Run Behavior\ParseTemplateBehavior [ RunTime:0.308017s ]
INFO: [ view_parse ] --END-- [ RunTime:0.309018s ]
INFO: [ view_filter ] --START--
INFO: Run Behavior\WriteHtmlCacheBehavior [ RunTime:0.033002s ]
INFO: [ view_filter ] --END-- [ RunTime:0.033002s ]
INFO: [ app_end ] --START--
INFO: Run Behavior\ShowPageTraceBehavior [ RunTime:0.045003s ]
INFO: [ app_end ] --END-- [ RunTime:0.045003s ]

[ 2016-09-21T19:53:30+08:00 ] 171.82.226.43 /test/index.php/JBF/Sale/index.html
INFO: [ app_init ] --START--
INFO: Run Behavior\BuildLiteBehavior [ RunTime:0.000000s ]
INFO: [ app_init ] --END-- [ RunTime:0.001000s ]
INFO: [ app_begin ] --START--
INFO: Run Behavior\ReadHtmlCacheBehavior [ RunTime:0.002000s ]
INFO: [ app_begin ] --END-- [ RunTime:0.002000s ]
NOTIC: [8] Undefined index: saledate D:\Tools\phpStudy\WWW\test\Application\JBF\Controller\SaleController.class.php 第 11 行.
NOTIC: [2] sqlsrv_close() expects parameter 1 to be resource, null given D:\Tools\phpStudy\WWW\test\Application\Common\Tools\ConnMssqlDB.class.php 第 43 行.
NOTIC: [2] Missing argument 1 for Think\Controller::show(), called in D:\Tools\phpStudy\WWW\test\Application\JBF\Controller\SaleController.class.php on line 79 and defined D:\Tools\phpStudy\WWW\test\ThinkPHP\Library\Think\Controller.class.php 第 68 行.
NOTIC: [8] Undefined variable: content D:\Tools\phpStudy\WWW\test\ThinkPHP\Library\Think\Controller.class.php 第 69 行.
INFO: [ view_parse ] --START--
INFO: [ template_filter ] --START--
INFO: Run Behavior\ContentReplaceBehavior [ RunTime:0.000000s ]
INFO: [ template_filter ] --END-- [ RunTime:0.000000s ]
INFO: Run Behavior\ParseTemplateBehavior [ RunTime:0.091005s ]
INFO: [ view_parse ] --END-- [ RunTime:0.091005s ]
INFO: [ view_filter ] --START--
INFO: Run Behavior\WriteHtmlCacheBehavior [ RunTime:0.002000s ]
INFO: [ view_filter ] --END-- [ RunTime:0.002000s ]
INFO: [ app_end ] --START--
INFO: Run Behavior\ShowPageTraceBehavior [ RunTime:0.001000s ]
INFO: [ app_end ] --END-- [ RunTime:0.001000s ]

[ 2016-09-21T19:53:37+08:00 ] 171.82.226.43 /test/index.php/JBF/Sale/index.html
INFO: [ app_init ] --START--
INFO: Run Behavior\BuildLiteBehavior [ RunTime:0.000000s ]
INFO: [ app_init ] --END-- [ RunTime:0.070004s ]
INFO: [ app_begin ] --START--
INFO: Run Behavior\ReadHtmlCacheBehavior [ RunTime:0.077004s ]
INFO: [ app_begin ] --END-- [ RunTime:0.078004s ]
NOTIC: [8] Undefined index: saledate D:\Tools\phpStudy\WWW\test\Application\JBF\Controller\SaleController.class.php 第 11 行.
NOTIC: [2] sqlsrv_close() expects parameter 1 to be resource, null given D:\Tools\phpStudy\WWW\test\Application\Common\Tools\ConnMssqlDB.class.php 第 43 行.
NOTIC: [2] Missing argument 1 for Think\Controller::show(), called in D:\Tools\phpStudy\WWW\test\Application\JBF\Controller\SaleController.class.php on line 79 and defined D:\Tools\phpStudy\WWW\test\ThinkPHP\Library\Think\Controller.class.php 第 68 行.
NOTIC: [8] Undefined variable: content D:\Tools\phpStudy\WWW\test\ThinkPHP\Library\Think\Controller.class.php 第 69 行.
INFO: [ view_parse ] --START--
INFO: [ template_filter ] --START--
INFO: Run Behavior\ContentReplaceBehavior [ RunTime:0.000000s ]
INFO: [ template_filter ] --END-- [ RunTime:0.001000s ]
INFO: Run Behavior\ParseTemplateBehavior [ RunTime:0.046003s ]
INFO: [ view_parse ] --END-- [ RunTime:0.046003s ]
INFO: [ view_filter ] --START--
INFO: Run Behavior\WriteHtmlCacheBehavior [ RunTime:0.003000s ]
INFO: [ view_filter ] --END-- [ RunTime:0.003000s ]
INFO: [ app_end ] --START--
INFO: Run Behavior\ShowPageTraceBehavior [ RunTime:0.001000s ]
INFO: [ app_end ] --END-- [ RunTime:0.001000s ]

[ 2016-09-21T19:53:47+08:00 ] 171.82.226.43 /test/index.php/JBF/Sale/index.html
INFO: [ app_init ] --START--
INFO: Run Behavior\BuildLiteBehavior [ RunTime:0.000000s ]
INFO: [ app_init ] --END-- [ RunTime:0.002000s ]
INFO: [ app_begin ] --START--
INFO: Run Behavior\ReadHtmlCacheBehavior [ RunTime:0.002001s ]
INFO: [ app_begin ] --END-- [ RunTime:0.002001s ]
NOTIC: [8] Undefined index: saledate D:\Tools\phpStudy\WWW\test\Application\JBF\Controller\SaleController.class.php 第 11 行.
NOTIC: [2] sqlsrv_close() expects parameter 1 to be resource, null given D:\Tools\phpStudy\WWW\test\Application\Common\Tools\ConnMssqlDB.class.php 第 43 行.
NOTIC: [2] Missing argument 1 for Think\Controller::show(), called in D:\Tools\phpStudy\WWW\test\Application\JBF\Controller\SaleController.class.php on line 79 and defined D:\Tools\phpStudy\WWW\test\ThinkPHP\Library\Think\Controller.class.php 第 68 行.
NOTIC: [8] Undefined variable: content D:\Tools\phpStudy\WWW\test\ThinkPHP\Library\Think\Controller.class.php 第 69 行.
INFO: [ view_parse ] --START--
INFO: [ template_filter ] --START--
INFO: Run Behavior\ContentReplaceBehavior [ RunTime:0.000000s ]
INFO: [ template_filter ] --END-- [ RunTime:0.001000s ]
INFO: Run Behavior\ParseTemplateBehavior [ RunTime:0.031002s ]
INFO: [ view_parse ] --END-- [ RunTime:0.031002s ]
INFO: [ view_filter ] --START--
INFO: Run Behavior\WriteHtmlCacheBehavior [ RunTime:0.001000s ]
INFO: [ view_filter ] --END-- [ RunTime:0.002000s ]
INFO: [ app_end ] --START--
INFO: Run Behavior\ShowPageTraceBehavior [ RunTime:0.004000s ]
INFO: [ app_end ] --END-- [ RunTime:0.004000s ]

[ 2016-09-21T19:53:58+08:00 ] 171.82.226.43 /test/index.php/JBF/Sale/index.html
INFO: [ app_init ] --START--
INFO: Run Behavior\BuildLiteBehavior [ RunTime:0.000000s ]
INFO: [ app_init ] --END-- [ RunTime:0.241013s ]
INFO: [ app_begin ] --START--
INFO: Run Behavior\ReadHtmlCacheBehavior [ RunTime:0.070004s ]
INFO: [ app_begin ] --END-- [ RunTime:0.070004s ]
NOTIC: [2] sqlsrv_close() expects parameter 1 to be resource, null given D:\Tools\phpStudy\WWW\test\Application\Common\Tools\ConnMssqlDB.class.php 第 43 行.
NOTIC: [2] Missing argument 1 for Think\Controller::show(), called in D:\Tools\phpStudy\WWW\test\Application\JBF\Controller\SaleController.class.php on line 79 and defined D:\Tools\phpStudy\WWW\test\ThinkPHP\Library\Think\Controller.class.php 第 68 行.
NOTIC: [8] Undefined variable: content D:\Tools\phpStudy\WWW\test\ThinkPHP\Library\Think\Controller.class.php 第 69 行.
INFO: [ view_parse ] --START--
INFO: [ template_filter ] --START--
INFO: Run Behavior\ContentReplaceBehavior [ RunTime:0.000000s ]
INFO: [ template_filter ] --END-- [ RunTime:0.001000s ]
INFO: Run Behavior\ParseTemplateBehavior [ RunTime:0.026002s ]
INFO: [ view_parse ] --END-- [ RunTime:0.026002s ]
INFO: [ view_filter ] --START--
INFO: Run Behavior\WriteHtmlCacheBehavior [ RunTime:0.001000s ]
INFO: [ view_filter ] --END-- [ RunTime:0.001000s ]
INFO: [ app_end ] --START--
INFO: Run Behavior\ShowPageTraceBehavior [ RunTime:0.001000s ]
INFO: [ app_end ] --END-- [ RunTime:0.002000s ]

[ 2016-09-21T19:59:01+08:00 ] 171.82.174.119 /test/index.php/JBF/Sale/index.html
INFO: [ app_init ] --START--
INFO: Run Behavior\BuildLiteBehavior [ RunTime:0.000000s ]
INFO: [ app_init ] --END-- [ RunTime:0.065004s ]
INFO: [ app_begin ] --START--
INFO: Run Behavior\ReadHtmlCacheBehavior [ RunTime:0.040002s ]
INFO: [ app_begin ] --END-- [ RunTime:0.041002s ]
NOTIC: [2] sqlsrv_close() expects parameter 1 to be resource, null given D:\Tools\phpStudy\WWW\test\Application\Common\Tools\ConnMssqlDB.class.php 第 43 行.
NOTIC: [2] Missing argument 1 for Think\Controller::show(), called in D:\Tools\phpStudy\WWW\test\Application\JBF\Controller\SaleController.class.php on line 79 and defined D:\Tools\phpStudy\WWW\test\ThinkPHP\Library\Think\Controller.class.php 第 68 行.
NOTIC: [8] Undefined variable: content D:\Tools\phpStudy\WWW\test\ThinkPHP\Library\Think\Controller.class.php 第 69 行.
INFO: [ view_parse ] --START--
INFO: [ template_filter ] --START--
INFO: Run Behavior\ContentReplaceBehavior [ RunTime:0.000000s ]
INFO: [ template_filter ] --END-- [ RunTime:0.000000s ]
INFO: Run Behavior\ParseTemplateBehavior [ RunTime:0.031002s ]
INFO: [ view_parse ] --END-- [ RunTime:0.031002s ]
INFO: [ view_filter ] --START--
INFO: Run Behavior\WriteHtmlCacheBehavior [ RunTime:0.001000s ]
INFO: [ view_filter ] --END-- [ RunTime:0.002000s ]
INFO: [ app_end ] --START--
INFO: Run Behavior\ShowPageTraceBehavior [ RunTime:0.004000s ]
INFO: [ app_end ] --END-- [ RunTime:0.004000s ]

[ 2016-09-21T19:59:10+08:00 ] 171.82.174.119 /test/index.php/JBF/Material/index.html
INFO: [ app_init ] --START--
INFO: Run Behavior\BuildLiteBehavior [ RunTime:0.000000s ]
INFO: [ app_init ] --END-- [ RunTime:0.036002s ]
INFO: [ app_begin ] --START--
INFO: Run Behavior\ReadHtmlCacheBehavior [ RunTime:0.036002s ]
INFO: [ app_begin ] --END-- [ RunTime:0.036002s ]
NOTIC: [8] Undefined index: saledate D:\Tools\phpStudy\WWW\test\Application\JBF\Controller\MaterialController.class.php 第 8 行.
NOTIC: [2] sqlsrv_close() expects parameter 1 to be resource, null given D:\Tools\phpStudy\WWW\test\Application\Common\Tools\ConnMssqlDB.class.php 第 43 行.
NOTIC: [2] Missing argument 1 for Think\Controller::show(), called in D:\Tools\phpStudy\WWW\test\Application\JBF\Controller\MaterialController.class.php on line 54 and defined D:\Tools\phpStudy\WWW\test\ThinkPHP\Library\Think\Controller.class.php 第 68 行.
NOTIC: [8] Undefined variable: content D:\Tools\phpStudy\WWW\test\ThinkPHP\Library\Think\Controller.class.php 第 69 行.
INFO: [ view_parse ] --START--
INFO: [ template_filter ] --START--
INFO: Run Behavior\ContentReplaceBehavior [ RunTime:0.000000s ]
INFO: [ template_filter ] --END-- [ RunTime:0.000000s ]
INFO: Run Behavior\ParseTemplateBehavior [ RunTime:0.028002s ]
INFO: [ view_parse ] --END-- [ RunTime:0.028002s ]
INFO: [ view_filter ] --START--
INFO: Run Behavior\WriteHtmlCacheBehavior [ RunTime:0.001000s ]
INFO: [ view_filter ] --END-- [ RunTime:0.001000s ]
INFO: [ app_end ] --START--
INFO: Run Behavior\ShowPageTraceBehavior [ RunTime:0.001000s ]
INFO: [ app_end ] --END-- [ RunTime:0.001000s ]

[ 2016-09-21T20:06:50+08:00 ] 59.172.118.9 /test/index.php/JBF/Sale/index.html
INFO: [ app_init ] --START--
INFO: Run Behavior\BuildLiteBehavior [ RunTime:0.000000s ]
INFO: [ app_init ] --END-- [ RunTime:0.001000s ]
INFO: [ app_begin ] --START--
INFO: Run Behavior\ReadHtmlCacheBehavior [ RunTime:0.001000s ]
INFO: [ app_begin ] --END-- [ RunTime:0.002000s ]
NOTIC: [2] sqlsrv_close() expects parameter 1 to be resource, null given D:\Tools\phpStudy\WWW\test\Application\Common\Tools\ConnMssqlDB.class.php 第 43 行.
NOTIC: [2] Missing argument 1 for Think\Controller::show(), called in D:\Tools\phpStudy\WWW\test\Application\JBF\Controller\SaleController.class.php on line 79 and defined D:\Tools\phpStudy\WWW\test\ThinkPHP\Library\Think\Controller.class.php 第 68 行.
NOTIC: [8] Undefined variable: content D:\Tools\phpStudy\WWW\test\ThinkPHP\Library\Think\Controller.class.php 第 69 行.
INFO: [ view_parse ] --START--
INFO: [ template_filter ] --START--
INFO: Run Behavior\ContentReplaceBehavior [ RunTime:0.000000s ]
INFO: [ template_filter ] --END-- [ RunTime:0.000000s ]
INFO: Run Behavior\ParseTemplateBehavior [ RunTime:0.163009s ]
INFO: [ view_parse ] --END-- [ RunTime:0.163009s ]
INFO: [ view_filter ] --START--
INFO: Run Behavior\WriteHtmlCacheBehavior [ RunTime:0.035002s ]
INFO: [ view_filter ] --END-- [ RunTime:0.035002s ]
INFO: [ app_end ] --START--
INFO: Run Behavior\ShowPageTraceBehavior [ RunTime:0.001000s ]
INFO: [ app_end ] --END-- [ RunTime:0.002000s ]

[ 2016-09-21T20:06:52+08:00 ] 59.172.118.9 /test/index.php/JBF/Sale/index.html
INFO: [ app_init ] --START--
INFO: Run Behavior\BuildLiteBehavior [ RunTime:0.000000s ]
INFO: [ app_init ] --END-- [ RunTime:0.000000s ]
INFO: [ app_begin ] --START--
INFO: Run Behavior\ReadHtmlCacheBehavior [ RunTime:0.001000s ]
INFO: [ app_begin ] --END-- [ RunTime:0.001000s ]
NOTIC: [2] sqlsrv_close() expects parameter 1 to be resource, null given D:\Tools\phpStudy\WWW\test\Application\Common\Tools\ConnMssqlDB.class.php 第 43 行.
NOTIC: [2] Missing argument 1 for Think\Controller::show(), called in D:\Tools\phpStudy\WWW\test\Application\JBF\Controller\SaleController.class.php on line 79 and defined D:\Tools\phpStudy\WWW\test\ThinkPHP\Library\Think\Controller.class.php 第 68 行.
NOTIC: [8] Undefined variable: content D:\Tools\phpStudy\WWW\test\ThinkPHP\Library\Think\Controller.class.php 第 69 行.
INFO: [ view_parse ] --START--
INFO: [ template_filter ] --START--
INFO: Run Behavior\ContentReplaceBehavior [ RunTime:0.000000s ]
INFO: [ template_filter ] --END-- [ RunTime:0.000000s ]
INFO: Run Behavior\ParseTemplateBehavior [ RunTime:0.031002s ]
INFO: [ view_parse ] --END-- [ RunTime:0.031002s ]
INFO: [ view_filter ] --START--
INFO: Run Behavior\WriteHtmlCacheBehavior [ RunTime:0.000000s ]
INFO: [ view_filter ] --END-- [ RunTime:0.001000s ]
INFO: [ app_end ] --START--
INFO: Run Behavior\ShowPageTraceBehavior [ RunTime:0.002000s ]
INFO: [ app_end ] --END-- [ RunTime:0.002000s ]

[ 2016-09-21T20:14:10+08:00 ] 119.103.174.25 /test/index.php/JBF/Sale/index.html
INFO: [ app_init ] --START--
INFO: Run Behavior\BuildLiteBehavior [ RunTime:0.000000s ]
INFO: [ app_init ] --END-- [ RunTime:0.001000s ]
INFO: [ app_begin ] --START--
INFO: Run Behavior\ReadHtmlCacheBehavior [ RunTime:0.002000s ]
INFO: [ app_begin ] --END-- [ RunTime:0.002000s ]
NOTIC: [8] Undefined index: saledate D:\Tools\phpStudy\WWW\test\Application\JBF\Controller\SaleController.class.php 第 11 行.
NOTIC: [2] sqlsrv_close() expects parameter 1 to be resource, null given D:\Tools\phpStudy\WWW\test\Application\Common\Tools\ConnMssqlDB.class.php 第 43 行.
NOTIC: [2] Missing argument 1 for Think\Controller::show(), called in D:\Tools\phpStudy\WWW\test\Application\JBF\Controller\SaleController.class.php on line 79 and defined D:\Tools\phpStudy\WWW\test\ThinkPHP\Library\Think\Controller.class.php 第 68 行.
NOTIC: [8] Undefined variable: content D:\Tools\phpStudy\WWW\test\ThinkPHP\Library\Think\Controller.class.php 第 69 行.
INFO: [ view_parse ] --START--
INFO: [ template_filter ] --START--
INFO: Run Behavior\ContentReplaceBehavior [ RunTime:0.000000s ]
INFO: [ template_filter ] --END-- [ RunTime:0.000000s ]
INFO: Run Behavior\ParseTemplateBehavior [ RunTime:0.030001s ]
INFO: [ view_parse ] --END-- [ RunTime:0.030001s ]
INFO: [ view_filter ] --START--
INFO: Run Behavior\WriteHtmlCacheBehavior [ RunTime:0.001000s ]
INFO: [ view_filter ] --END-- [ RunTime:0.002001s ]
INFO: [ app_end ] --START--
INFO: Run Behavior\ShowPageTraceBehavior [ RunTime:0.002000s ]
INFO: [ app_end ] --END-- [ RunTime:0.002000s ]

[ 2016-09-21T20:29:13+08:00 ] 119.103.174.25 /test/index.php/JBF/Sale/index.html
INFO: [ app_init ] --START--
INFO: Run Behavior\BuildLiteBehavior [ RunTime:0.000000s ]
INFO: [ app_init ] --END-- [ RunTime:0.001000s ]
INFO: [ app_begin ] --START--
INFO: Run Behavior\ReadHtmlCacheBehavior [ RunTime:0.001000s ]
INFO: [ app_begin ] --END-- [ RunTime:0.001000s ]
NOTIC: [8] Undefined index: saledate D:\Tools\phpStudy\WWW\test\Application\JBF\Controller\SaleController.class.php 第 11 行.
NOTIC: [2] sqlsrv_close() expects parameter 1 to be resource, null given D:\Tools\phpStudy\WWW\test\Application\Common\Tools\ConnMssqlDB.class.php 第 43 行.
NOTIC: [2] Missing argument 1 for Think\Controller::show(), called in D:\Tools\phpStudy\WWW\test\Application\JBF\Controller\SaleController.class.php on line 79 and defined D:\Tools\phpStudy\WWW\test\ThinkPHP\Library\Think\Controller.class.php 第 68 行.
NOTIC: [8] Undefined variable: content D:\Tools\phpStudy\WWW\test\ThinkPHP\Library\Think\Controller.class.php 第 69 行.
INFO: [ view_parse ] --START--
INFO: [ template_filter ] --START--
INFO: Run Behavior\ContentReplaceBehavior [ RunTime:0.000000s ]
INFO: [ template_filter ] --END-- [ RunTime:0.000000s ]
INFO: Run Behavior\ParseTemplateBehavior [ RunTime:0.025001s ]
INFO: [ view_parse ] --END-- [ RunTime:0.025001s ]
INFO: [ view_filter ] --START--
INFO: Run Behavior\WriteHtmlCacheBehavior [ RunTime:0.001000s ]
INFO: [ view_filter ] --END-- [ RunTime:0.001000s ]
INFO: [ app_end ] --START--
INFO: Run Behavior\ShowPageTraceBehavior [ RunTime:0.001000s ]
INFO: [ app_end ] --END-- [ RunTime:0.001000s ]

[ 2016-09-21T20:42:11+08:00 ] 119.103.174.25 /test/index.php/JBF/Sale/index.html
INFO: [ app_init ] --START--
INFO: Run Behavior\BuildLiteBehavior [ RunTime:0.000000s ]
INFO: [ app_init ] --END-- [ RunTime:0.001000s ]
INFO: [ app_begin ] --START--
INFO: Run Behavior\ReadHtmlCacheBehavior [ RunTime:0.001000s ]
INFO: [ app_begin ] --END-- [ RunTime:0.001000s ]
NOTIC: [8] Undefined index: saledate D:\Tools\phpStudy\WWW\test\Application\JBF\Controller\SaleController.class.php 第 11 行.
NOTIC: [2] sqlsrv_close() expects parameter 1 to be resource, null given D:\Tools\phpStudy\WWW\test\Application\Common\Tools\ConnMssqlDB.class.php 第 43 行.
NOTIC: [2] Missing argument 1 for Think\Controller::show(), called in D:\Tools\phpStudy\WWW\test\Application\JBF\Controller\SaleController.class.php on line 79 and defined D:\Tools\phpStudy\WWW\test\ThinkPHP\Library\Think\Controller.class.php 第 68 行.
NOTIC: [8] Undefined variable: content D:\Tools\phpStudy\WWW\test\ThinkPHP\Library\Think\Controller.class.php 第 69 行.
INFO: [ view_parse ] --START--
INFO: [ template_filter ] --START--
INFO: Run Behavior\ContentReplaceBehavior [ RunTime:0.000000s ]
INFO: [ template_filter ] --END-- [ RunTime:0.000000s ]
INFO: Run Behavior\ParseTemplateBehavior [ RunTime:0.018001s ]
INFO: [ view_parse ] --END-- [ RunTime:0.018001s ]
INFO: [ view_filter ] --START--
INFO: Run Behavior\WriteHtmlCacheBehavior [ RunTime:0.001000s ]
INFO: [ view_filter ] --END-- [ RunTime:0.001000s ]
INFO: [ app_end ] --START--
INFO: Run Behavior\ShowPageTraceBehavior [ RunTime:0.001000s ]
INFO: [ app_end ] --END-- [ RunTime:0.001000s ]

[ 2016-09-21T20:46:09+08:00 ] 119.103.174.25 /test/index.php/JBF/Sale/index.html
INFO: [ app_init ] --START--
INFO: Run Behavior\BuildLiteBehavior [ RunTime:0.000000s ]
INFO: [ app_init ] --END-- [ RunTime:0.001000s ]
INFO: [ app_begin ] --START--
INFO: Run Behavior\ReadHtmlCacheBehavior [ RunTime:0.001000s ]
INFO: [ app_begin ] --END-- [ RunTime:0.002000s ]
NOTIC: [8] Undefined index: saledate D:\Tools\phpStudy\WWW\test\Application\JBF\Controller\SaleController.class.php 第 11 行.
NOTIC: [2] sqlsrv_close() expects parameter 1 to be resource, null given D:\Tools\phpStudy\WWW\test\Application\Common\Tools\ConnMssqlDB.class.php 第 43 行.
NOTIC: [2] Missing argument 1 for Think\Controller::show(), called in D:\Tools\phpStudy\WWW\test\Application\JBF\Controller\SaleController.class.php on line 79 and defined D:\Tools\phpStudy\WWW\test\ThinkPHP\Library\Think\Controller.class.php 第 68 行.
NOTIC: [8] Undefined variable: content D:\Tools\phpStudy\WWW\test\ThinkPHP\Library\Think\Controller.class.php 第 69 行.
INFO: [ view_parse ] --START--
INFO: [ template_filter ] --START--
INFO: Run Behavior\ContentReplaceBehavior [ RunTime:0.000000s ]
INFO: [ template_filter ] --END-- [ RunTime:0.000000s ]
INFO: Run Behavior\ParseTemplateBehavior [ RunTime:0.019001s ]
INFO: [ view_parse ] --END-- [ RunTime:0.019001s ]
INFO: [ view_filter ] --START--
INFO: Run Behavior\WriteHtmlCacheBehavior [ RunTime:0.001000s ]
INFO: [ view_filter ] --END-- [ RunTime:0.001000s ]
INFO: [ app_end ] --START--
INFO: Run Behavior\ShowPageTraceBehavior [ RunTime:0.002000s ]
INFO: [ app_end ] --END-- [ RunTime:0.002000s ]

[ 2016-09-21T20:46:17+08:00 ] 119.103.174.25 /test/index.php/JBF/Sale/index.html
INFO: [ app_init ] --START--
INFO: Run Behavior\BuildLiteBehavior [ RunTime:0.000000s ]
INFO: [ app_init ] --END-- [ RunTime:0.001000s ]
INFO: [ app_begin ] --START--
INFO: Run Behavior\ReadHtmlCacheBehavior [ RunTime:0.001000s ]
INFO: [ app_begin ] --END-- [ RunTime:0.001000s ]
NOTIC: [2] sqlsrv_close() expects parameter 1 to be resource, null given D:\Tools\phpStudy\WWW\test\Application\Common\Tools\ConnMssqlDB.class.php 第 43 行.
NOTIC: [2] Missing argument 1 for Think\Controller::show(), called in D:\Tools\phpStudy\WWW\test\Application\JBF\Controller\SaleController.class.php on line 79 and defined D:\Tools\phpStudy\WWW\test\ThinkPHP\Library\Think\Controller.class.php 第 68 行.
NOTIC: [8] Undefined variable: content D:\Tools\phpStudy\WWW\test\ThinkPHP\Library\Think\Controller.class.php 第 69 行.
INFO: [ view_parse ] --START--
INFO: [ template_filter ] --START--
INFO: Run Behavior\ContentReplaceBehavior [ RunTime:0.000000s ]
INFO: [ template_filter ] --END-- [ RunTime:0.001000s ]
INFO: Run Behavior\ParseTemplateBehavior [ RunTime:0.026002s ]
INFO: [ view_parse ] --END-- [ RunTime:0.026002s ]
INFO: [ view_filter ] --START--
INFO: Run Behavior\WriteHtmlCacheBehavior [ RunTime:0.001000s ]
INFO: [ view_filter ] --END-- [ RunTime:0.001000s ]
INFO: [ app_end ] --START--
INFO: Run Behavior\ShowPageTraceBehavior [ RunTime:0.001000s ]
INFO: [ app_end ] --END-- [ RunTime:0.001000s ]

[ 2016-09-21T20:46:19+08:00 ] 119.103.174.25 /test/index.php/JBF/Sale/index.html
INFO: [ app_init ] --START--
INFO: Run Behavior\BuildLiteBehavior [ RunTime:0.000000s ]
INFO: [ app_init ] --END-- [ RunTime:0.001000s ]
INFO: [ app_begin ] --START--
INFO: Run Behavior\ReadHtmlCacheBehavior [ RunTime:0.001000s ]
INFO: [ app_begin ] --END-- [ RunTime:0.002000s ]
NOTIC: [2] sqlsrv_close() expects parameter 1 to be resource, null given D:\Tools\phpStudy\WWW\test\Application\Common\Tools\ConnMssqlDB.class.php 第 43 行.
NOTIC: [2] Missing argument 1 for Think\Controller::show(), called in D:\Tools\phpStudy\WWW\test\Application\JBF\Controller\SaleController.class.php on line 79 and defined D:\Tools\phpStudy\WWW\test\ThinkPHP\Library\Think\Controller.class.php 第 68 行.
NOTIC: [8] Undefined variable: content D:\Tools\phpStudy\WWW\test\ThinkPHP\Library\Think\Controller.class.php 第 69 行.
INFO: [ view_parse ] --START--
INFO: [ template_filter ] --START--
INFO: Run Behavior\ContentReplaceBehavior [ RunTime:0.000000s ]
INFO: [ template_filter ] --END-- [ RunTime:0.000000s ]
INFO: Run Behavior\ParseTemplateBehavior [ RunTime:0.017001s ]
INFO: [ view_parse ] --END-- [ RunTime:0.018001s ]
INFO: [ view_filter ] --START--
INFO: Run Behavior\WriteHtmlCacheBehavior [ RunTime:0.000000s ]
INFO: [ view_filter ] --END-- [ RunTime:0.000000s ]
INFO: [ app_end ] --START--
INFO: Run Behavior\ShowPageTraceBehavior [ RunTime:0.001000s ]
INFO: [ app_end ] --END-- [ RunTime:0.001000s ]

[ 2016-09-21T20:57:46+08:00 ] 119.103.174.25 /test/index.php/JBF/Sale/index.html
INFO: [ app_init ] --START--
INFO: Run Behavior\BuildLiteBehavior [ RunTime:0.000000s ]
INFO: [ app_init ] --END-- [ RunTime:0.001000s ]
INFO: [ app_begin ] --START--
INFO: Run Behavior\ReadHtmlCacheBehavior [ RunTime:0.002000s ]
INFO: [ app_begin ] --END-- [ RunTime:0.002000s ]
NOTIC: [8] Undefined index: saledate D:\Tools\phpStudy\WWW\test\Application\JBF\Controller\SaleController.class.php 第 11 行.
NOTIC: [2] sqlsrv_close() expects parameter 1 to be resource, null given D:\Tools\phpStudy\WWW\test\Application\Common\Tools\ConnMssqlDB.class.php 第 43 行.
NOTIC: [2] Missing argument 1 for Think\Controller::show(), called in D:\Tools\phpStudy\WWW\test\Application\JBF\Controller\SaleController.class.php on line 79 and defined D:\Tools\phpStudy\WWW\test\ThinkPHP\Library\Think\Controller.class.php 第 68 行.
NOTIC: [8] Undefined variable: content D:\Tools\phpStudy\WWW\test\ThinkPHP\Library\Think\Controller.class.php 第 69 行.
INFO: [ view_parse ] --START--
INFO: [ template_filter ] --START--
INFO: Run Behavior\ContentReplaceBehavior [ RunTime:0.000000s ]
INFO: [ template_filter ] --END-- [ RunTime:0.000000s ]
INFO: Run Behavior\ParseTemplateBehavior [ RunTime:0.018001s ]
INFO: [ view_parse ] --END-- [ RunTime:0.019001s ]
INFO: [ view_filter ] --START--
INFO: Run Behavior\WriteHtmlCacheBehavior [ RunTime:0.001000s ]
INFO: [ view_filter ] --END-- [ RunTime:0.001000s ]
INFO: [ app_end ] --START--
INFO: Run Behavior\ShowPageTraceBehavior [ RunTime:0.001000s ]
INFO: [ app_end ] --END-- [ RunTime:0.001000s ]

[ 2016-09-21T21:18:13+08:00 ] 119.103.155.190 /test/index.php/JBF/Sale/index.html
INFO: [ app_init ] --START--
INFO: Run Behavior\BuildLiteBehavior [ RunTime:0.000000s ]
INFO: [ app_init ] --END-- [ RunTime:0.001000s ]
INFO: [ app_begin ] --START--
INFO: Run Behavior\ReadHtmlCacheBehavior [ RunTime:0.001000s ]
INFO: [ app_begin ] --END-- [ RunTime:0.002000s ]
NOTIC: [8] Undefined index: saledate D:\Tools\phpStudy\WWW\test\Application\JBF\Controller\SaleController.class.php 第 11 行.
NOTIC: [2] sqlsrv_close() expects parameter 1 to be resource, null given D:\Tools\phpStudy\WWW\test\Application\Common\Tools\ConnMssqlDB.class.php 第 43 行.
NOTIC: [2] Missing argument 1 for Think\Controller::show(), called in D:\Tools\phpStudy\WWW\test\Application\JBF\Controller\SaleController.class.php on line 79 and defined D:\Tools\phpStudy\WWW\test\ThinkPHP\Library\Think\Controller.class.php 第 68 行.
NOTIC: [8] Undefined variable: content D:\Tools\phpStudy\WWW\test\ThinkPHP\Library\Think\Controller.class.php 第 69 行.
INFO: [ view_parse ] --START--
INFO: [ template_filter ] --START--
INFO: Run Behavior\ContentReplaceBehavior [ RunTime:0.000000s ]
INFO: [ template_filter ] --END-- [ RunTime:0.000000s ]
INFO: Run Behavior\ParseTemplateBehavior [ RunTime:0.018001s ]
INFO: [ view_parse ] --END-- [ RunTime:0.019001s ]
INFO: [ view_filter ] --START--
INFO: Run Behavior\WriteHtmlCacheBehavior [ RunTime:0.001000s ]
INFO: [ view_filter ] --END-- [ RunTime:0.001000s ]
INFO: [ app_end ] --START--
INFO: Run Behavior\ShowPageTraceBehavior [ RunTime:0.002000s ]
INFO: [ app_end ] --END-- [ RunTime:0.002000s ]

[ 2016-09-21T21:32:52+08:00 ] 119.103.155.190 /test/index.php/JBF/Sale/index.html
INFO: [ app_init ] --START--
INFO: Run Behavior\BuildLiteBehavior [ RunTime:0.000000s ]
INFO: [ app_init ] --END-- [ RunTime:0.002000s ]
INFO: [ app_begin ] --START--
INFO: Run Behavior\ReadHtmlCacheBehavior [ RunTime:0.001000s ]
INFO: [ app_begin ] --END-- [ RunTime:0.002000s ]
NOTIC: [8] Undefined index: saledate D:\Tools\phpStudy\WWW\test\Application\JBF\Controller\SaleController.class.php 第 11 行.
NOTIC: [2] sqlsrv_close() expects parameter 1 to be resource, null given D:\Tools\phpStudy\WWW\test\Application\Common\Tools\ConnMssqlDB.class.php 第 43 行.
NOTIC: [2] Missing argument 1 for Think\Controller::show(), called in D:\Tools\phpStudy\WWW\test\Application\JBF\Controller\SaleController.class.php on line 79 and defined D:\Tools\phpStudy\WWW\test\ThinkPHP\Library\Think\Controller.class.php 第 68 行.
NOTIC: [8] Undefined variable: content D:\Tools\phpStudy\WWW\test\ThinkPHP\Library\Think\Controller.class.php 第 69 行.
INFO: [ view_parse ] --START--
INFO: [ template_filter ] --START--
INFO: Run Behavior\ContentReplaceBehavior [ RunTime:0.000000s ]
INFO: [ template_filter ] --END-- [ RunTime:0.000000s ]
INFO: Run Behavior\ParseTemplateBehavior [ RunTime:0.018001s ]
INFO: [ view_parse ] --END-- [ RunTime:0.018001s ]
INFO: [ view_filter ] --START--
INFO: Run Behavior\WriteHtmlCacheBehavior [ RunTime:0.001001s ]
INFO: [ view_filter ] --END-- [ RunTime:0.001001s ]
INFO: [ app_end ] --START--
INFO: Run Behavior\ShowPageTraceBehavior [ RunTime:0.001000s ]
INFO: [ app_end ] --END-- [ RunTime:0.002000s ]

