[ 2017-02-09T10:44:12+08:00 ] 119.98.81.143 /olzb/index.php/JBF/Sale/index.html
INFO: [ app_init ] --START--
INFO: Run Behavior\BuildLiteBehavior [ RunTime:0.000000s ]
INFO: [ app_init ] --END-- [ RunTime:0.001000s ]
INFO: [ app_begin ] --START--
INFO: Run Behavior\ReadHtmlCacheBehavior [ RunTime:0.001000s ]
INFO: [ app_begin ] --END-- [ RunTime:0.001000s ]
NOTIC: [8] Undefined index: saledate D:\tools\phpStudy\WWW\olzb\Application\JBF\Controller\SaleController.class.php 第 11 行.
NOTIC: [2] sqlsrv_close() expects parameter 1 to be resource, null given D:\tools\phpStudy\WWW\olzb\Application\Common\Tools\ConnMssqlDB.class.php 第 43 行.
NOTIC: [2] Missing argument 1 for Think\Controller::show(), called in D:\tools\phpStudy\WWW\olzb\Application\JBF\Controller\SaleController.class.php on line 82 and defined D:\tools\phpStudy\WWW\olzb\ThinkPHP\Library\Think\Controller.class.php 第 68 行.
NOTIC: [8] Undefined variable: content D:\tools\phpStudy\WWW\olzb\ThinkPHP\Library\Think\Controller.class.php 第 69 行.
INFO: [ view_parse ] --START--
INFO: [ template_filter ] --START--
INFO: Run Behavior\ContentReplaceBehavior [ RunTime:0.000000s ]
INFO: [ template_filter ] --END-- [ RunTime:0.000000s ]
INFO: Run Behavior\ParseTemplateBehavior [ RunTime:0.020001s ]
INFO: [ view_parse ] --END-- [ RunTime:0.020001s ]
INFO: [ view_filter ] --START--
INFO: Run Behavior\WriteHtmlCacheBehavior [ RunTime:0.001000s ]
INFO: [ view_filter ] --END-- [ RunTime:0.001000s ]
INFO: [ app_end ] --START--
INFO: Run Behavior\ShowPageTraceBehavior [ RunTime:0.002001s ]
INFO: [ app_end ] --END-- [ RunTime:0.002001s ]

[ 2017-02-09T10:44:12+08:00 ] 119.98.81.143 /olzb/index.php/JBF/Sale/index.html
INFO: [ app_init ] --START--
INFO: Run Behavior\BuildLiteBehavior [ RunTime:0.000000s ]
INFO: [ app_init ] --END-- [ RunTime:0.001000s ]
INFO: [ app_begin ] --START--
INFO: Run Behavior\ReadHtmlCacheBehavior [ RunTime:0.001000s ]
INFO: [ app_begin ] --END-- [ RunTime:0.001000s ]
NOTIC: [8] Undefined index: saledate D:\tools\phpStudy\WWW\olzb\Application\JBF\Controller\SaleController.class.php 第 11 行.
NOTIC: [2] sqlsrv_close() expects parameter 1 to be resource, null given D:\tools\phpStudy\WWW\olzb\Application\Common\Tools\ConnMssqlDB.class.php 第 43 行.
NOTIC: [2] Missing argument 1 for Think\Controller::show(), called in D:\tools\phpStudy\WWW\olzb\Application\JBF\Controller\SaleController.class.php on line 82 and defined D:\tools\phpStudy\WWW\olzb\ThinkPHP\Library\Think\Controller.class.php 第 68 行.
NOTIC: [8] Undefined variable: content D:\tools\phpStudy\WWW\olzb\ThinkPHP\Library\Think\Controller.class.php 第 69 行.
INFO: [ view_parse ] --START--
INFO: [ template_filter ] --START--
INFO: Run Behavior\ContentReplaceBehavior [ RunTime:0.000000s ]
INFO: [ template_filter ] --END-- [ RunTime:0.000000s ]
INFO: Run Behavior\ParseTemplateBehavior [ RunTime:0.018001s ]
INFO: [ view_parse ] --END-- [ RunTime:0.018001s ]
INFO: [ view_filter ] --START--
INFO: Run Behavior\WriteHtmlCacheBehavior [ RunTime:0.001000s ]
INFO: [ view_filter ] --END-- [ RunTime:0.001000s ]
INFO: [ app_end ] --START--
INFO: Run Behavior\ShowPageTraceBehavior [ RunTime:0.002000s ]
INFO: [ app_end ] --END-- [ RunTime:0.002000s ]

[ 2017-02-09T10:44:15+08:00 ] 119.98.81.143 /olzb/index.php/JBF/Sale/index.html
INFO: [ app_init ] --START--
INFO: Run Behavior\BuildLiteBehavior [ RunTime:0.000000s ]
INFO: [ app_init ] --END-- [ RunTime:0.001000s ]
INFO: [ app_begin ] --START--
INFO: Run Behavior\ReadHtmlCacheBehavior [ RunTime:0.001000s ]
INFO: [ app_begin ] --END-- [ RunTime:0.001000s ]
NOTIC: [2] sqlsrv_close() expects parameter 1 to be resource, null given D:\tools\phpStudy\WWW\olzb\Application\Common\Tools\ConnMssqlDB.class.php 第 43 行.
NOTIC: [2] Missing argument 1 for Think\Controller::show(), called in D:\tools\phpStudy\WWW\olzb\Application\JBF\Controller\SaleController.class.php on line 82 and defined D:\tools\phpStudy\WWW\olzb\ThinkPHP\Library\Think\Controller.class.php 第 68 行.
NOTIC: [8] Undefined variable: content D:\tools\phpStudy\WWW\olzb\ThinkPHP\Library\Think\Controller.class.php 第 69 行.
INFO: [ view_parse ] --START--
INFO: [ template_filter ] --START--
INFO: Run Behavior\ContentReplaceBehavior [ RunTime:0.001000s ]
INFO: [ template_filter ] --END-- [ RunTime:0.001000s ]
INFO: Run Behavior\ParseTemplateBehavior [ RunTime:0.019001s ]
INFO: [ view_parse ] --END-- [ RunTime:0.019001s ]
INFO: [ view_filter ] --START--
INFO: Run Behavior\WriteHtmlCacheBehavior [ RunTime:0.001000s ]
INFO: [ view_filter ] --END-- [ RunTime:0.001000s ]
INFO: [ app_end ] --START--
INFO: Run Behavior\ShowPageTraceBehavior [ RunTime:0.001000s ]
INFO: [ app_end ] --END-- [ RunTime:0.001000s ]

[ 2017-02-09T10:56:32+08:00 ] 119.98.81.143 /olzb/index.php/JBF/Sale/index.html
INFO: [ app_init ] --START--
INFO: Run Behavior\BuildLiteBehavior [ RunTime:0.000000s ]
INFO: [ app_init ] --END-- [ RunTime:0.002000s ]
INFO: [ app_begin ] --START--
INFO: Run Behavior\ReadHtmlCacheBehavior [ RunTime:0.001000s ]
INFO: [ app_begin ] --END-- [ RunTime:0.001000s ]
NOTIC: [2] sqlsrv_close() expects parameter 1 to be resource, null given D:\tools\phpStudy\WWW\olzb\Application\Common\Tools\ConnMssqlDB.class.php 第 43 行.
NOTIC: [2] Missing argument 1 for Think\Controller::show(), called in D:\tools\phpStudy\WWW\olzb\Application\JBF\Controller\SaleController.class.php on line 82 and defined D:\tools\phpStudy\WWW\olzb\ThinkPHP\Library\Think\Controller.class.php 第 68 行.
NOTIC: [8] Undefined variable: content D:\tools\phpStudy\WWW\olzb\ThinkPHP\Library\Think\Controller.class.php 第 69 行.
INFO: [ view_parse ] --START--
INFO: [ template_filter ] --START--
INFO: Run Behavior\ContentReplaceBehavior [ RunTime:0.001000s ]
INFO: [ template_filter ] --END-- [ RunTime:0.001000s ]
INFO: Run Behavior\ParseTemplateBehavior [ RunTime:0.018001s ]
INFO: [ view_parse ] --END-- [ RunTime:0.018001s ]
INFO: [ view_filter ] --START--
INFO: Run Behavior\WriteHtmlCacheBehavior [ RunTime:0.001000s ]
INFO: [ view_filter ] --END-- [ RunTime:0.001000s ]
INFO: [ app_end ] --START--
INFO: Run Behavior\ShowPageTraceBehavior [ RunTime:0.002000s ]
INFO: [ app_end ] --END-- [ RunTime:0.002000s ]

[ 2017-02-09T11:31:28+08:00 ] 119.98.81.143 /olzb/index.php/JBF/Sale/index.html
INFO: [ app_init ] --START--
INFO: Run Behavior\BuildLiteBehavior [ RunTime:0.000000s ]
INFO: [ app_init ] --END-- [ RunTime:0.001000s ]
INFO: [ app_begin ] --START--
INFO: Run Behavior\ReadHtmlCacheBehavior [ RunTime:0.001001s ]
INFO: [ app_begin ] --END-- [ RunTime:0.001001s ]
NOTIC: [2] sqlsrv_close() expects parameter 1 to be resource, null given D:\tools\phpStudy\WWW\olzb\Application\Common\Tools\ConnMssqlDB.class.php 第 43 行.
NOTIC: [2] Missing argument 1 for Think\Controller::show(), called in D:\tools\phpStudy\WWW\olzb\Application\JBF\Controller\SaleController.class.php on line 82 and defined D:\tools\phpStudy\WWW\olzb\ThinkPHP\Library\Think\Controller.class.php 第 68 行.
NOTIC: [8] Undefined variable: content D:\tools\phpStudy\WWW\olzb\ThinkPHP\Library\Think\Controller.class.php 第 69 行.
INFO: [ view_parse ] --START--
INFO: [ template_filter ] --START--
INFO: Run Behavior\ContentReplaceBehavior [ RunTime:0.000000s ]
INFO: [ template_filter ] --END-- [ RunTime:0.000000s ]
INFO: Run Behavior\ParseTemplateBehavior [ RunTime:0.018001s ]
INFO: [ view_parse ] --END-- [ RunTime:0.019001s ]
INFO: [ view_filter ] --START--
INFO: Run Behavior\WriteHtmlCacheBehavior [ RunTime:0.000000s ]
INFO: [ view_filter ] --END-- [ RunTime:0.001001s ]
INFO: [ app_end ] --START--
INFO: Run Behavior\ShowPageTraceBehavior [ RunTime:0.001000s ]
INFO: [ app_end ] --END-- [ RunTime:0.001000s ]

[ 2017-02-09T11:31:30+08:00 ] 119.98.81.143 /olzb/index.php/JBF/Sale/index.html
INFO: [ app_init ] --START--
INFO: Run Behavior\BuildLiteBehavior [ RunTime:0.000000s ]
INFO: [ app_init ] --END-- [ RunTime:0.002000s ]
INFO: [ app_begin ] --START--
INFO: Run Behavior\ReadHtmlCacheBehavior [ RunTime:0.001000s ]
INFO: [ app_begin ] --END-- [ RunTime:0.001000s ]
NOTIC: [2] sqlsrv_close() expects parameter 1 to be resource, null given D:\tools\phpStudy\WWW\olzb\Application\Common\Tools\ConnMssqlDB.class.php 第 43 行.
NOTIC: [2] Missing argument 1 for Think\Controller::show(), called in D:\tools\phpStudy\WWW\olzb\Application\JBF\Controller\SaleController.class.php on line 82 and defined D:\tools\phpStudy\WWW\olzb\ThinkPHP\Library\Think\Controller.class.php 第 68 行.
NOTIC: [8] Undefined variable: content D:\tools\phpStudy\WWW\olzb\ThinkPHP\Library\Think\Controller.class.php 第 69 行.
INFO: [ view_parse ] --START--
INFO: [ template_filter ] --START--
INFO: Run Behavior\ContentReplaceBehavior [ RunTime:0.000000s ]
INFO: [ template_filter ] --END-- [ RunTime:0.000000s ]
INFO: Run Behavior\ParseTemplateBehavior [ RunTime:0.018001s ]
INFO: [ view_parse ] --END-- [ RunTime:0.018001s ]
INFO: [ view_filter ] --START--
INFO: Run Behavior\WriteHtmlCacheBehavior [ RunTime:0.001000s ]
INFO: [ view_filter ] --END-- [ RunTime:0.001000s ]
INFO: [ app_end ] --START--
INFO: Run Behavior\ShowPageTraceBehavior [ RunTime:0.001000s ]
INFO: [ app_end ] --END-- [ RunTime:0.002000s ]

[ 2017-02-09T12:30:39+08:00 ] 119.98.81.143 /olzb/index.php/JBF/Sale/index.html
INFO: [ app_init ] --START--
INFO: Run Behavior\BuildLiteBehavior [ RunTime:0.000000s ]
INFO: [ app_init ] --END-- [ RunTime:0.001000s ]
INFO: [ app_begin ] --START--
INFO: Run Behavior\ReadHtmlCacheBehavior [ RunTime:0.001000s ]
INFO: [ app_begin ] --END-- [ RunTime:0.001000s ]
NOTIC: [2] sqlsrv_close() expects parameter 1 to be resource, null given D:\tools\phpStudy\WWW\olzb\Application\Common\Tools\ConnMssqlDB.class.php 第 43 行.
NOTIC: [2] Missing argument 1 for Think\Controller::show(), called in D:\tools\phpStudy\WWW\olzb\Application\JBF\Controller\SaleController.class.php on line 82 and defined D:\tools\phpStudy\WWW\olzb\ThinkPHP\Library\Think\Controller.class.php 第 68 行.
NOTIC: [8] Undefined variable: content D:\tools\phpStudy\WWW\olzb\ThinkPHP\Library\Think\Controller.class.php 第 69 行.
INFO: [ view_parse ] --START--
INFO: [ template_filter ] --START--
INFO: Run Behavior\ContentReplaceBehavior [ RunTime:0.000000s ]
INFO: [ template_filter ] --END-- [ RunTime:0.000000s ]
INFO: Run Behavior\ParseTemplateBehavior [ RunTime:0.019001s ]
INFO: [ view_parse ] --END-- [ RunTime:0.019001s ]
INFO: [ view_filter ] --START--
INFO: Run Behavior\WriteHtmlCacheBehavior [ RunTime:0.001000s ]
INFO: [ view_filter ] --END-- [ RunTime:0.001000s ]
INFO: [ app_end ] --START--
INFO: Run Behavior\ShowPageTraceBehavior [ RunTime:0.001000s ]
INFO: [ app_end ] --END-- [ RunTime:0.002000s ]

[ 2017-02-09T12:40:07+08:00 ] 219.140.82.136 /olzb/index.php/JBF/Sale/index.html
INFO: [ app_init ] --START--
INFO: Run Behavior\BuildLiteBehavior [ RunTime:0.000000s ]
INFO: [ app_init ] --END-- [ RunTime:0.001000s ]
INFO: [ app_begin ] --START--
INFO: Run Behavior\ReadHtmlCacheBehavior [ RunTime:0.001000s ]
INFO: [ app_begin ] --END-- [ RunTime:0.002000s ]
NOTIC: [8] Undefined index: saledate D:\tools\phpStudy\WWW\olzb\Application\JBF\Controller\SaleController.class.php 第 11 行.
NOTIC: [2] sqlsrv_close() expects parameter 1 to be resource, null given D:\tools\phpStudy\WWW\olzb\Application\Common\Tools\ConnMssqlDB.class.php 第 43 行.
NOTIC: [2] Missing argument 1 for Think\Controller::show(), called in D:\tools\phpStudy\WWW\olzb\Application\JBF\Controller\SaleController.class.php on line 82 and defined D:\tools\phpStudy\WWW\olzb\ThinkPHP\Library\Think\Controller.class.php 第 68 行.
NOTIC: [8] Undefined variable: content D:\tools\phpStudy\WWW\olzb\ThinkPHP\Library\Think\Controller.class.php 第 69 行.
INFO: [ view_parse ] --START--
INFO: [ template_filter ] --START--
INFO: Run Behavior\ContentReplaceBehavior [ RunTime:0.001000s ]
INFO: [ template_filter ] --END-- [ RunTime:0.001000s ]
INFO: Run Behavior\ParseTemplateBehavior [ RunTime:0.019001s ]
INFO: [ view_parse ] --END-- [ RunTime:0.019001s ]
INFO: [ view_filter ] --START--
INFO: Run Behavior\WriteHtmlCacheBehavior [ RunTime:0.001000s ]
INFO: [ view_filter ] --END-- [ RunTime:0.001000s ]
INFO: [ app_end ] --START--
INFO: Run Behavior\ShowPageTraceBehavior [ RunTime:0.001001s ]
INFO: [ app_end ] --END-- [ RunTime:0.001001s ]

[ 2017-02-09T12:43:30+08:00 ] 119.103.224.251 /olzb/index.php/JBF/Sale/index.html
INFO: [ app_init ] --START--
INFO: Run Behavior\BuildLiteBehavior [ RunTime:0.000000s ]
INFO: [ app_init ] --END-- [ RunTime:0.002000s ]
INFO: [ app_begin ] --START--
INFO: Run Behavior\ReadHtmlCacheBehavior [ RunTime:0.002000s ]
INFO: [ app_begin ] --END-- [ RunTime:0.002000s ]
NOTIC: [2] sqlsrv_close() expects parameter 1 to be resource, null given D:\tools\phpStudy\WWW\olzb\Application\Common\Tools\ConnMssqlDB.class.php 第 43 行.
NOTIC: [2] Missing argument 1 for Think\Controller::show(), called in D:\tools\phpStudy\WWW\olzb\Application\JBF\Controller\SaleController.class.php on line 82 and defined D:\tools\phpStudy\WWW\olzb\ThinkPHP\Library\Think\Controller.class.php 第 68 行.
NOTIC: [8] Undefined variable: content D:\tools\phpStudy\WWW\olzb\ThinkPHP\Library\Think\Controller.class.php 第 69 行.
INFO: [ view_parse ] --START--
INFO: [ template_filter ] --START--
INFO: Run Behavior\ContentReplaceBehavior [ RunTime:0.000000s ]
INFO: [ template_filter ] --END-- [ RunTime:0.001000s ]
INFO: Run Behavior\ParseTemplateBehavior [ RunTime:0.018001s ]
INFO: [ view_parse ] --END-- [ RunTime:0.019002s ]
INFO: [ view_filter ] --START--
INFO: Run Behavior\WriteHtmlCacheBehavior [ RunTime:0.001000s ]
INFO: [ view_filter ] --END-- [ RunTime:0.001000s ]
INFO: [ app_end ] --START--
INFO: Run Behavior\ShowPageTraceBehavior [ RunTime:0.001000s ]
INFO: [ app_end ] --END-- [ RunTime:0.001000s ]

[ 2017-02-09T13:47:12+08:00 ] 101.226.125.115 /olzb/index.php/JBF/Sale/index.html
INFO: [ app_init ] --START--
INFO: Run Behavior\BuildLiteBehavior [ RunTime:0.000000s ]
INFO: [ app_init ] --END-- [ RunTime:0.001000s ]
INFO: [ app_begin ] --START--
INFO: Run Behavior\ReadHtmlCacheBehavior [ RunTime:0.001000s ]
INFO: [ app_begin ] --END-- [ RunTime:0.002000s ]
NOTIC: [8] Undefined index: saledate D:\tools\phpStudy\WWW\olzb\Application\JBF\Controller\SaleController.class.php 第 11 行.
NOTIC: [2] sqlsrv_close() expects parameter 1 to be resource, null given D:\tools\phpStudy\WWW\olzb\Application\Common\Tools\ConnMssqlDB.class.php 第 43 行.
NOTIC: [2] Missing argument 1 for Think\Controller::show(), called in D:\tools\phpStudy\WWW\olzb\Application\JBF\Controller\SaleController.class.php on line 82 and defined D:\tools\phpStudy\WWW\olzb\ThinkPHP\Library\Think\Controller.class.php 第 68 行.
NOTIC: [8] Undefined variable: content D:\tools\phpStudy\WWW\olzb\ThinkPHP\Library\Think\Controller.class.php 第 69 行.
INFO: [ view_parse ] --START--
INFO: [ template_filter ] --START--
INFO: Run Behavior\ContentReplaceBehavior [ RunTime:0.000000s ]
INFO: [ template_filter ] --END-- [ RunTime:0.000000s ]
INFO: Run Behavior\ParseTemplateBehavior [ RunTime:0.019001s ]
INFO: [ view_parse ] --END-- [ RunTime:0.019001s ]
INFO: [ view_filter ] --START--
INFO: Run Behavior\WriteHtmlCacheBehavior [ RunTime:0.001001s ]
INFO: [ view_filter ] --END-- [ RunTime:0.001001s ]
INFO: [ app_end ] --START--
INFO: Run Behavior\ShowPageTraceBehavior [ RunTime:0.002000s ]
INFO: [ app_end ] --END-- [ RunTime:0.002000s ]

[ 2017-02-09T13:47:21+08:00 ] 101.226.125.115 /olzb/index.php/JBF/Sale/index.html
INFO: [ app_init ] --START--
INFO: Run Behavior\BuildLiteBehavior [ RunTime:0.000000s ]
INFO: [ app_init ] --END-- [ RunTime:0.001000s ]
INFO: [ app_begin ] --START--
INFO: Run Behavior\ReadHtmlCacheBehavior [ RunTime:0.001000s ]
INFO: [ app_begin ] --END-- [ RunTime:0.001000s ]
NOTIC: [8] Undefined index: saledate D:\tools\phpStudy\WWW\olzb\Application\JBF\Controller\SaleController.class.php 第 11 行.
NOTIC: [2] sqlsrv_close() expects parameter 1 to be resource, null given D:\tools\phpStudy\WWW\olzb\Application\Common\Tools\ConnMssqlDB.class.php 第 43 行.
NOTIC: [2] Missing argument 1 for Think\Controller::show(), called in D:\tools\phpStudy\WWW\olzb\Application\JBF\Controller\SaleController.class.php on line 82 and defined D:\tools\phpStudy\WWW\olzb\ThinkPHP\Library\Think\Controller.class.php 第 68 行.
NOTIC: [8] Undefined variable: content D:\tools\phpStudy\WWW\olzb\ThinkPHP\Library\Think\Controller.class.php 第 69 行.
INFO: [ view_parse ] --START--
INFO: [ template_filter ] --START--
INFO: Run Behavior\ContentReplaceBehavior [ RunTime:0.000000s ]
INFO: [ template_filter ] --END-- [ RunTime:0.000000s ]
INFO: Run Behavior\ParseTemplateBehavior [ RunTime:0.017001s ]
INFO: [ view_parse ] --END-- [ RunTime:0.018001s ]
INFO: [ view_filter ] --START--
INFO: Run Behavior\WriteHtmlCacheBehavior [ RunTime:0.000000s ]
INFO: [ view_filter ] --END-- [ RunTime:0.002000s ]
INFO: [ app_end ] --START--
INFO: Run Behavior\ShowPageTraceBehavior [ RunTime:0.002000s ]
INFO: [ app_end ] --END-- [ RunTime:0.002000s ]

[ 2017-02-09T13:47:22+08:00 ] 219.140.82.136 /olzb/index.php/JBF/Sale/index.html
INFO: [ app_init ] --START--
INFO: Run Behavior\BuildLiteBehavior [ RunTime:0.000000s ]
INFO: [ app_init ] --END-- [ RunTime:0.001000s ]
INFO: [ app_begin ] --START--
INFO: Run Behavior\ReadHtmlCacheBehavior [ RunTime:0.001000s ]
INFO: [ app_begin ] --END-- [ RunTime:0.002000s ]
NOTIC: [8] Undefined index: saledate D:\tools\phpStudy\WWW\olzb\Application\JBF\Controller\SaleController.class.php 第 11 行.
NOTIC: [2] sqlsrv_close() expects parameter 1 to be resource, null given D:\tools\phpStudy\WWW\olzb\Application\Common\Tools\ConnMssqlDB.class.php 第 43 行.
NOTIC: [2] Missing argument 1 for Think\Controller::show(), called in D:\tools\phpStudy\WWW\olzb\Application\JBF\Controller\SaleController.class.php on line 82 and defined D:\tools\phpStudy\WWW\olzb\ThinkPHP\Library\Think\Controller.class.php 第 68 行.
NOTIC: [8] Undefined variable: content D:\tools\phpStudy\WWW\olzb\ThinkPHP\Library\Think\Controller.class.php 第 69 行.
INFO: [ view_parse ] --START--
INFO: [ template_filter ] --START--
INFO: Run Behavior\ContentReplaceBehavior [ RunTime:0.000000s ]
INFO: [ template_filter ] --END-- [ RunTime:0.000000s ]
INFO: Run Behavior\ParseTemplateBehavior [ RunTime:0.018001s ]
INFO: [ view_parse ] --END-- [ RunTime:0.018001s ]
INFO: [ view_filter ] --START--
INFO: Run Behavior\WriteHtmlCacheBehavior [ RunTime:0.001000s ]
INFO: [ view_filter ] --END-- [ RunTime:0.001000s ]
INFO: [ app_end ] --START--
INFO: Run Behavior\ShowPageTraceBehavior [ RunTime:0.002000s ]
INFO: [ app_end ] --END-- [ RunTime:0.002000s ]

[ 2017-02-09T13:47:25+08:00 ] 101.226.125.115 /olzb/index.php/JBF/Sale/index.html
INFO: [ app_init ] --START--
INFO: Run Behavior\BuildLiteBehavior [ RunTime:0.000000s ]
INFO: [ app_init ] --END-- [ RunTime:0.001000s ]
INFO: [ app_begin ] --START--
INFO: Run Behavior\ReadHtmlCacheBehavior [ RunTime:0.001000s ]
INFO: [ app_begin ] --END-- [ RunTime:0.001000s ]
NOTIC: [2] sqlsrv_close() expects parameter 1 to be resource, null given D:\tools\phpStudy\WWW\olzb\Application\Common\Tools\ConnMssqlDB.class.php 第 43 行.
NOTIC: [2] Missing argument 1 for Think\Controller::show(), called in D:\tools\phpStudy\WWW\olzb\Application\JBF\Controller\SaleController.class.php on line 82 and defined D:\tools\phpStudy\WWW\olzb\ThinkPHP\Library\Think\Controller.class.php 第 68 行.
NOTIC: [8] Undefined variable: content D:\tools\phpStudy\WWW\olzb\ThinkPHP\Library\Think\Controller.class.php 第 69 行.
INFO: [ view_parse ] --START--
INFO: [ template_filter ] --START--
INFO: Run Behavior\ContentReplaceBehavior [ RunTime:0.000000s ]
INFO: [ template_filter ] --END-- [ RunTime:0.000000s ]
INFO: Run Behavior\ParseTemplateBehavior [ RunTime:0.018001s ]
INFO: [ view_parse ] --END-- [ RunTime:0.018001s ]
INFO: [ view_filter ] --START--
INFO: Run Behavior\WriteHtmlCacheBehavior [ RunTime:0.001000s ]
INFO: [ view_filter ] --END-- [ RunTime:0.001000s ]
INFO: [ app_end ] --START--
INFO: Run Behavior\ShowPageTraceBehavior [ RunTime:0.001000s ]
INFO: [ app_end ] --END-- [ RunTime:0.001000s ]

[ 2017-02-09T13:47:40+08:00 ] 101.226.125.115 /olzb/index.php/JBF/Sale/index.html
INFO: [ app_init ] --START--
INFO: Run Behavior\BuildLiteBehavior [ RunTime:0.000000s ]
INFO: [ app_init ] --END-- [ RunTime:0.001000s ]
INFO: [ app_begin ] --START--
INFO: Run Behavior\ReadHtmlCacheBehavior [ RunTime:0.001000s ]
INFO: [ app_begin ] --END-- [ RunTime:0.001000s ]
NOTIC: [2] sqlsrv_close() expects parameter 1 to be resource, null given D:\tools\phpStudy\WWW\olzb\Application\Common\Tools\ConnMssqlDB.class.php 第 43 行.
NOTIC: [2] Missing argument 1 for Think\Controller::show(), called in D:\tools\phpStudy\WWW\olzb\Application\JBF\Controller\SaleController.class.php on line 82 and defined D:\tools\phpStudy\WWW\olzb\ThinkPHP\Library\Think\Controller.class.php 第 68 行.
NOTIC: [8] Undefined variable: content D:\tools\phpStudy\WWW\olzb\ThinkPHP\Library\Think\Controller.class.php 第 69 行.
INFO: [ view_parse ] --START--
INFO: [ template_filter ] --START--
INFO: Run Behavior\ContentReplaceBehavior [ RunTime:0.000000s ]
INFO: [ template_filter ] --END-- [ RunTime:0.000000s ]
INFO: Run Behavior\ParseTemplateBehavior [ RunTime:0.018001s ]
INFO: [ view_parse ] --END-- [ RunTime:0.018001s ]
INFO: [ view_filter ] --START--
INFO: Run Behavior\WriteHtmlCacheBehavior [ RunTime:0.001000s ]
INFO: [ view_filter ] --END-- [ RunTime:0.001000s ]
INFO: [ app_end ] --START--
INFO: Run Behavior\ShowPageTraceBehavior [ RunTime:0.001000s ]
INFO: [ app_end ] --END-- [ RunTime:0.002001s ]

[ 2017-02-09T17:10:22+08:00 ] 101.226.125.115 /olzb/index.php/JBF/Sale/index.html
INFO: [ app_init ] --START--
INFO: Run Behavior\BuildLiteBehavior [ RunTime:0.000000s ]
INFO: [ app_init ] --END-- [ RunTime:0.001001s ]
INFO: [ app_begin ] --START--
INFO: Run Behavior\ReadHtmlCacheBehavior [ RunTime:0.002000s ]
INFO: [ app_begin ] --END-- [ RunTime:0.002000s ]
NOTIC: [8] Undefined index: saledate D:\tools\phpStudy\WWW\olzb\Application\JBF\Controller\SaleController.class.php 第 11 行.
NOTIC: [2] sqlsrv_close() expects parameter 1 to be resource, null given D:\tools\phpStudy\WWW\olzb\Application\Common\Tools\ConnMssqlDB.class.php 第 43 行.
NOTIC: [2] Missing argument 1 for Think\Controller::show(), called in D:\tools\phpStudy\WWW\olzb\Application\JBF\Controller\SaleController.class.php on line 82 and defined D:\tools\phpStudy\WWW\olzb\ThinkPHP\Library\Think\Controller.class.php 第 68 行.
NOTIC: [8] Undefined variable: content D:\tools\phpStudy\WWW\olzb\ThinkPHP\Library\Think\Controller.class.php 第 69 行.
INFO: [ view_parse ] --START--
INFO: [ template_filter ] --START--
INFO: Run Behavior\ContentReplaceBehavior [ RunTime:0.001001s ]
INFO: [ template_filter ] --END-- [ RunTime:0.001001s ]
INFO: Run Behavior\ParseTemplateBehavior [ RunTime:0.019001s ]
INFO: [ view_parse ] --END-- [ RunTime:0.019001s ]
INFO: [ view_filter ] --START--
INFO: Run Behavior\WriteHtmlCacheBehavior [ RunTime:0.001000s ]
INFO: [ view_filter ] --END-- [ RunTime:0.001000s ]
INFO: [ app_end ] --START--
INFO: Run Behavior\ShowPageTraceBehavior [ RunTime:0.001000s ]
INFO: [ app_end ] --END-- [ RunTime:0.001000s ]

[ 2017-02-09T17:31:17+08:00 ] 192.168.0.243 /olzb/index.php/JBF/SalesAnalysis/index.html
INFO: [ app_init ] --START--
INFO: Run Behavior\BuildLiteBehavior [ RunTime:0.000000s ]
INFO: [ app_init ] --END-- [ RunTime:0.001000s ]
INFO: [ app_begin ] --START--
INFO: Run Behavior\ReadHtmlCacheBehavior [ RunTime:0.001000s ]
INFO: [ app_begin ] --END-- [ RunTime:0.002000s ]
NOTIC: [8] Undefined index: saledate D:\tools\phpStudy\WWW\olzb\Application\JBF\Controller\SalesAnalysisController.class.php 第 11 行.
NOTIC: [8] Undefined index: saleshop D:\tools\phpStudy\WWW\olzb\Application\JBF\Controller\SalesAnalysisController.class.php 第 12 行.
NOTIC: [2] sqlsrv_close() expects parameter 1 to be resource, null given D:\tools\phpStudy\WWW\olzb\Application\Common\Tools\ConnMssqlDB.class.php 第 43 行.
NOTIC: [2] Missing argument 1 for Think\Controller::show(), called in D:\tools\phpStudy\WWW\olzb\Application\JBF\Controller\SalesAnalysisController.class.php on line 284 and defined D:\tools\phpStudy\WWW\olzb\ThinkPHP\Library\Think\Controller.class.php 第 68 行.
NOTIC: [8] Undefined variable: content D:\tools\phpStudy\WWW\olzb\ThinkPHP\Library\Think\Controller.class.php 第 69 行.
INFO: [ view_parse ] --START--
INFO: [ template_filter ] --START--
INFO: Run Behavior\ContentReplaceBehavior [ RunTime:0.001000s ]
INFO: [ template_filter ] --END-- [ RunTime:0.001000s ]
INFO: Run Behavior\ParseTemplateBehavior [ RunTime:0.020001s ]
INFO: [ view_parse ] --END-- [ RunTime:0.020001s ]
INFO: [ view_filter ] --START--
INFO: Run Behavior\WriteHtmlCacheBehavior [ RunTime:0.001000s ]
INFO: [ view_filter ] --END-- [ RunTime:0.001000s ]
INFO: [ app_end ] --START--
INFO: Run Behavior\ShowPageTraceBehavior [ RunTime:0.001000s ]
INFO: [ app_end ] --END-- [ RunTime:0.001000s ]

[ 2017-02-09T17:31:20+08:00 ] 192.168.0.243 /olzb/index.php/JBF/KQ
INFO: [ app_init ] --START--
INFO: Run Behavior\BuildLiteBehavior [ RunTime:0.000000s ]
INFO: [ app_init ] --END-- [ RunTime:0.001000s ]
INFO: [ app_begin ] --START--
INFO: Run Behavior\ReadHtmlCacheBehavior [ RunTime:0.001000s ]
INFO: [ app_begin ] --END-- [ RunTime:0.001000s ]
NOTIC: [2] sqlsrv_close() expects parameter 1 to be resource, null given D:\tools\phpStudy\WWW\olzb\Application\Common\Tools\ConnMssqlDB.class.php 第 43 行.
NOTIC: [8] Undefined index: 黄琴 D:\tools\phpStudy\WWW\olzb\Application\JBF\Controller\KQController.class.php 第 27 行.
NOTIC: [8] Undefined index: 2017/01/01 D:\tools\phpStudy\WWW\olzb\Application\JBF\Controller\KQController.class.php 第 31 行.
NOTIC: [8] Undefined index: 2017/01/02 D:\tools\phpStudy\WWW\olzb\Application\JBF\Controller\KQController.class.php 第 31 行.
NOTIC: [8] Undefined index: 2017/01/03 D:\tools\phpStudy\WWW\olzb\Application\JBF\Controller\KQController.class.php 第 31 行.
NOTIC: [8] Undefined index: 2017/01/05 D:\tools\phpStudy\WWW\olzb\Application\JBF\Controller\KQController.class.php 第 31 行.
NOTIC: [8] Undefined index: 2017/01/06 D:\tools\phpStudy\WWW\olzb\Application\JBF\Controller\KQController.class.php 第 31 行.
NOTIC: [8] Undefined index: 2017/01/08 D:\tools\phpStudy\WWW\olzb\Application\JBF\Controller\KQController.class.php 第 31 行.
NOTIC: [8] Undefined index: 2017/01/09 D:\tools\phpStudy\WWW\olzb\Application\JBF\Controller\KQController.class.php 第 31 行.
NOTIC: [8] Undefined index: 2017/01/10 D:\tools\phpStudy\WWW\olzb\Application\JBF\Controller\KQController.class.php 第 31 行.
NOTIC: [8] Undefined index: 2017/01/11 D:\tools\phpStudy\WWW\olzb\Application\JBF\Controller\KQController.class.php 第 31 行.
NOTIC: [8] Undefined index: 2017/01/12 D:\tools\phpStudy\WWW\olzb\Application\JBF\Controller\KQController.class.php 第 31 行.
NOTIC: [8] Undefined index: 2017/01/13 D:\tools\phpStudy\WWW\olzb\Application\JBF\Controller\KQController.class.php 第 31 行.
NOTIC: [8] Undefined index: 2017/01/14 D:\tools\phpStudy\WWW\olzb\Application\JBF\Controller\KQController.class.php 第 31 行.
NOTIC: [8] Undefined index: 2017/01/16 D:\tools\phpStudy\WWW\olzb\Application\JBF\Controller\KQController.class.php 第 31 行.
NOTIC: [8] Undefined index: 2017/01/17 D:\tools\phpStudy\WWW\olzb\Application\JBF\Controller\KQController.class.php 第 31 行.
NOTIC: [8] Undefined index: 2017/01/18 D:\tools\phpStudy\WWW\olzb\Application\JBF\Controller\KQController.class.php 第 31 行.
NOTIC: [8] Undefined index: 2017/01/20 D:\tools\phpStudy\WWW\olzb\Application\JBF\Controller\KQController.class.php 第 31 行.
NOTIC: [8] Undefined index: 2017/01/21 D:\tools\phpStudy\WWW\olzb\Application\JBF\Controller\KQController.class.php 第 31 行.
NOTIC: [8] Undefined index: 2017/01/22 D:\tools\phpStudy\WWW\olzb\Application\JBF\Controller\KQController.class.php 第 31 行.
NOTIC: [8] Undefined index: 2017/01/24 D:\tools\phpStudy\WWW\olzb\Application\JBF\Controller\KQController.class.php 第 31 行.
NOTIC: [8] Undefined index: 2017/01/25 D:\tools\phpStudy\WWW\olzb\Application\JBF\Controller\KQController.class.php 第 31 行.
NOTIC: [8] Undefined index: 2017/01/26 D:\tools\phpStudy\WWW\olzb\Application\JBF\Controller\KQController.class.php 第 31 行.
NOTIC: [8] Undefined index: 李雪莲 D:\tools\phpStudy\WWW\olzb\Application\JBF\Controller\KQController.class.php 第 27 行.
NOTIC: [8] Undefined index: 2017/01/01 D:\tools\phpStudy\WWW\olzb\Application\JBF\Controller\KQController.class.php 第 31 行.
NOTIC: [8] Undefined index: 2017/01/02 D:\tools\phpStudy\WWW\olzb\Application\JBF\Controller\KQController.class.php 第 31 行.
NOTIC: [8] Undefined index: 2017/01/04 D:\tools\phpStudy\WWW\olzb\Application\JBF\Controller\KQController.class.php 第 31 行.
NOTIC: [8] Undefined index: 2017/01/05 D:\tools\phpStudy\WWW\olzb\Application\JBF\Controller\KQController.class.php 第 31 行.
NOTIC: [8] Undefined index: 2017/01/06 D:\tools\phpStudy\WWW\olzb\Application\JBF\Controller\KQController.class.php 第 31 行.
NOTIC: [8] Undefined index: 2017/01/07 D:\tools\phpStudy\WWW\olzb\Application\JBF\Controller\KQController.class.php 第 31 行.
NOTIC: [8] Undefined index: 2017/01/08 D:\tools\phpStudy\WWW\olzb\Application\JBF\Controller\KQController.class.php 第 31 行.
NOTIC: [8] Undefined index: 2017/01/09 D:\tools\phpStudy\WWW\olzb\Application\JBF\Controller\KQController.class.php 第 31 行.
NOTIC: [8] Undefined index: 2017/01/10 D:\tools\phpStudy\WWW\olzb\Application\JBF\Controller\KQController.class.php 第 31 行.
NOTIC: [8] Undefined index: 2017/01/11 D:\tools\phpStudy\WWW\olzb\Application\JBF\Controller\KQController.class.php 第 31 行.
NOTIC: [8] Undefined index: 2017/01/13 D:\tools\phpStudy\WWW\olzb\Application\JBF\Controller\KQController.class.php 第 31 行.
NOTIC: [8] Undefined index: 2017/01/14 D:\tools\phpStudy\WWW\olzb\Application\JBF\Controller\KQController.class.php 第 31 行.
NOTIC: [8] Undefined index: 2017/01/15 D:\tools\phpStudy\WWW\olzb\Application\JBF\Controller\KQController.class.php 第 31 行.
NOTIC: [8] Undefined index: 2017/01/16 D:\tools\phpStudy\WWW\olzb\Application\JBF\Controller\KQController.class.php 第 31 行.
NOTIC: [8] Undefined index: 2017/01/18 D:\tools\phpStudy\WWW\olzb\Application\JBF\Controller\KQController.class.php 第 31 行.
NOTIC: [8] Undefined index: 2017/01/19 D:\tools\phpStudy\WWW\olzb\Application\JBF\Controller\KQController.class.php 第 31 行.
NOTIC: [8] Undefined index: 2017/01/20 D:\tools\phpStudy\WWW\olzb\Application\JBF\Controller\KQController.class.php 第 31 行.
NOTIC: [8] Undefined index: 2017/01/21 D:\tools\phpStudy\WWW\olzb\Application\JBF\Controller\KQController.class.php 第 31 行.
NOTIC: [8] Undefined index: 2017/01/22 D:\tools\phpStudy\WWW\olzb\Application\JBF\Controller\KQController.class.php 第 31 行.
NOTIC: [8] Undefined index: 2017/01/24 D:\tools\phpStudy\WWW\olzb\Application\JBF\Controller\KQController.class.php 第 31 行.
NOTIC: [8] Undefined index: 2017/01/25 D:\tools\phpStudy\WWW\olzb\Application\JBF\Controller\KQController.class.php 第 31 行.
NOTIC: [8] Undefined index: 2017/01/26 D:\tools\phpStudy\WWW\olzb\Application\JBF\Controller\KQController.class.php 第 31 行.
NOTIC: [8] Undefined index: 2017/01/27 D:\tools\phpStudy\WWW\olzb\Application\JBF\Controller\KQController.class.php 第 31 行.
NOTIC: [8] Undefined index: 2017/01/30 D:\tools\phpStudy\WWW\olzb\Application\JBF\Controller\KQController.class.php 第 31 行.
NOTIC: [8] Undefined index: 2017/01/31 D:\tools\phpStudy\WWW\olzb\Application\JBF\Controller\KQController.class.php 第 31 行.
NOTIC: [8] Undefined index: 裴又臻 D:\tools\phpStudy\WWW\olzb\Application\JBF\Controller\KQController.class.php 第 27 行.
NOTIC: [8] Undefined index: 2017/01/01 D:\tools\phpStudy\WWW\olzb\Application\JBF\Controller\KQController.class.php 第 31 行.
NOTIC: [8] Undefined index: 2017/01/02 D:\tools\phpStudy\WWW\olzb\Application\JBF\Controller\KQController.class.php 第 31 行.
NOTIC: [8] Undefined index: 2017/01/03 D:\tools\phpStudy\WWW\olzb\Application\JBF\Controller\KQController.class.php 第 31 行.
NOTIC: [8] Undefined index: 2017/01/04 D:\tools\phpStudy\WWW\olzb\Application\JBF\Controller\KQController.class.php 第 31 行.
NOTIC: [8] Undefined index: 2017/01/05 D:\tools\phpStudy\WWW\olzb\Application\JBF\Controller\KQController.class.php 第 31 行.
NOTIC: [8] Undefined index: 2017/01/06 D:\tools\phpStudy\WWW\olzb\Application\JBF\Controller\KQController.class.php 第 31 行.
NOTIC: [8] Undefined index: 2017/01/07 D:\tools\phpStudy\WWW\olzb\Application\JBF\Controller\KQController.class.php 第 31 行.
NOTIC: [8] Undefined index: 2017/01/08 D:\tools\phpStudy\WWW\olzb\Application\JBF\Controller\KQController.class.php 第 31 行.
NOTIC: [8] Undefined index: 2017/01/09 D:\tools\phpStudy\WWW\olzb\Application\JBF\Controller\KQController.class.php 第 31 行.
NOTIC: [8] Undefined index: 2017/01/10 D:\tools\phpStudy\WWW\olzb\Application\JBF\Controller\KQController.class.php 第 31 行.
NOTIC: [8] Undefined index: 2017/01/11 D:\tools\phpStudy\WWW\olzb\Application\JBF\Controller\KQController.class.php 第 31 行.
NOTIC: [8] Undefined index: 2017/01/12 D:\tools\phpStudy\WWW\olzb\Application\JBF\Controller\KQController.class.php 第 31 行.
NOTIC: [8] Undefined index: 2017/01/13 D:\tools\phpStudy\WWW\olzb\Application\JBF\Controller\KQController.class.php 第 31 行.
NOTIC: [8] Undefined index: 2017/01/14 D:\tools\phpStudy\WWW\olzb\Application\JBF\Controller\KQController.class.php 第 31 行.
NOTIC: [8] Undefined index: 2017/01/15 D:\tools\phpStudy\WWW\olzb\Application\JBF\Controller\KQController.class.php 第 31 行.
NOTIC: [8] Undefined index: 2017/01/16 D:\tools\phpStudy\WWW\olzb\Application\JBF\Controller\KQController.class.php 第 31 行.
NOTIC: [8] Undefined index: 2017/01/17 D:\tools\phpStudy\WWW\olzb\Application\JBF\Controller\KQController.class.php 第 31 行.
NOTIC: [8] Undefined index: 2017/01/19 D:\tools\phpStudy\WWW\olzb\Application\JBF\Controller\KQController.class.php 第 31 行.
NOTIC: [8] Undefined index: 2017/01/23 D:\tools\phpStudy\WWW\olzb\Application\JBF\Controller\KQController.class.php 第 31 行.
NOTIC: [8] Undefined index: 2017/01/24 D:\tools\phpStudy\WWW\olzb\Application\JBF\Controller\KQController.class.php 第 31 行.
NOTIC: [8] Undefined index: 2017/01/25 D:\tools\phpStudy\WWW\olzb\Application\JBF\Controller\KQController.class.php 第 31 行.
NOTIC: [8] Undefined index: 2017/01/26 D:\tools\phpStudy\WWW\olzb\Application\JBF\Controller\KQController.class.php 第 31 行.
NOTIC: [8] Undefined index: 肖萍 D:\tools\phpStudy\WWW\olzb\Application\JBF\Controller\KQController.class.php 第 27 行.
NOTIC: [8] Undefined index: 2017/01/01 D:\tools\phpStudy\WWW\olzb\Application\JBF\Controller\KQController.class.php 第 31 行.
NOTIC: [8] Undefined index: 2017/01/03 D:\tools\phpStudy\WWW\olzb\Application\JBF\Controller\KQController.class.php 第 31 行.
NOTIC: [8] Undefined index: 2017/01/04 D:\tools\phpStudy\WWW\olzb\Application\JBF\Controller\KQController.class.php 第 31 行.
NOTIC: [8] Undefined index: 2017/01/05 D:\tools\phpStudy\WWW\olzb\Application\JBF\Controller\KQController.class.php 第 31 行.
NOTIC: [8] Undefined index: 2017/01/06 D:\tools\phpStudy\WWW\olzb\Application\JBF\Controller\KQController.class.php 第 31 行.
NOTIC: [8] Undefined index: 2017/01/07 D:\tools\phpStudy\WWW\olzb\Application\JBF\Controller\KQController.class.php 第 31 行.
NOTIC: [8] Undefined index: 2017/01/09 D:\tools\phpStudy\WWW\olzb\Application\JBF\Controller\KQController.class.php 第 31 行.
NOTIC: [8] Undefined index: 2017/01/10 D:\tools\phpStudy\WWW\olzb\Application\JBF\Controller\KQController.class.php 第 31 行.
NOTIC: [8] Undefined index: 2017/01/11 D:\tools\phpStudy\WWW\olzb\Application\JBF\Controller\KQController.class.php 第 31 行.
NOTIC: [8] Undefined index: 2017/01/12 D:\tools\phpStudy\WWW\olzb\Application\JBF\Controller\KQController.class.php 第 31 行.
NOTIC: [8] Undefined index: 2017/01/13 D:\tools\phpStudy\WWW\olzb\Application\JBF\Controller\KQController.class.php 第 31 行.
NOTIC: [8] Undefined index: 2017/01/14 D:\tools\phpStudy\WWW\olzb\Application\JBF\Controller\KQController.class.php 第 31 行.
NOTIC: [8] Undefined index: 2017/01/17 D:\tools\phpStudy\WWW\olzb\Application\JBF\Controller\KQController.class.php 第 31 行.
NOTIC: [8] Undefined index: 2017/01/18 D:\tools\phpStudy\WWW\olzb\Application\JBF\Controller\KQController.class.php 第 31 行.
NOTIC: [8] Undefined index: 2017/01/19 D:\tools\phpStudy\WWW\olzb\Application\JBF\Controller\KQController.class.php 第 31 行.
NOTIC: [8] Undefined index: 2017/01/20 D:\tools\phpStudy\WWW\olzb\Application\JBF\Controller\KQController.class.php 第 31 行.
NOTIC: [8] Undefined index: 2017/01/21 D:\tools\phpStudy\WWW\olzb\Application\JBF\Controller\KQController.class.php 第 31 行.
NOTIC: [8] Undefined index: 2017/01/22 D:\tools\phpStudy\WWW\olzb\Application\JBF\Controller\KQController.class.php 第 31 行.
NOTIC: [8] Undefined index: 2017/01/23 D:\tools\phpStudy\WWW\olzb\Application\JBF\Controller\KQController.class.php 第 31 行.
NOTIC: [8] Undefined index: 2017/01/25 D:\tools\phpStudy\WWW\olzb\Application\JBF\Controller\KQController.class.php 第 31 行.
NOTIC: [8] Undefined index: 2017/01/26 D:\tools\phpStudy\WWW\olzb\Application\JBF\Controller\KQController.class.php 第 31 行.
NOTIC: [8] Undefined index: 2017/01/27 D:\tools\phpStudy\WWW\olzb\Application\JBF\Controller\KQController.class.php 第 31 行.
NOTIC: [8] Undefined index: 2017/01/30 D:\tools\phpStudy\WWW\olzb\Application\JBF\Controller\KQController.class.php 第 31 行.
NOTIC: [8] Undefined index: 2017/01/31 D:\tools\phpStudy\WWW\olzb\Application\JBF\Controller\KQController.class.php 第 31 行.
NOTIC: [8] Undefined index: 易利萍 D:\tools\phpStudy\WWW\olzb\Application\JBF\Controller\KQController.class.php 第 27 行.
NOTIC: [8] Undefined index: 2017/01/01 D:\tools\phpStudy\WWW\olzb\Application\JBF\Controller\KQController.class.php 第 31 行.
NOTIC: [8] Undefined index: 2017/01/03 D:\tools\phpStudy\WWW\olzb\Application\JBF\Controller\KQController.class.php 第 31 行.
NOTIC: [8] Undefined index: 2017/01/04 D:\tools\phpStudy\WWW\olzb\Application\JBF\Controller\KQController.class.php 第 31 行.
NOTIC: [8] Undefined index: 2017/01/06 D:\tools\phpStudy\WWW\olzb\Application\JBF\Controller\KQController.class.php 第 31 行.
NOTIC: [8] Undefined index: 2017/01/07 D:\tools\phpStudy\WWW\olzb\Application\JBF\Controller\KQController.class.php 第 31 行.
NOTIC: [8] Undefined index: 2017/01/08 D:\tools\phpStudy\WWW\olzb\Application\JBF\Controller\KQController.class.php 第 31 行.
NOTIC: [8] Undefined index: 2017/01/09 D:\tools\phpStudy\WWW\olzb\Application\JBF\Controller\KQController.class.php 第 31 行.
NOTIC: [8] Undefined index: 2017/01/10 D:\tools\phpStudy\WWW\olzb\Application\JBF\Controller\KQController.class.php 第 31 行.
NOTIC: [8] Undefined index: 2017/01/11 D:\tools\phpStudy\WWW\olzb\Application\JBF\Controller\KQController.class.php 第 31 行.
NOTIC: [8] Undefined index: 2017/01/12 D:\tools\phpStudy\WWW\olzb\Application\JBF\Controller\KQController.class.php 第 31 行.
NOTIC: [8] Undefined index: 2017/01/14 D:\tools\phpStudy\WWW\olzb\Application\JBF\Controller\KQController.class.php 第 31 行.
NOTIC: [8] Undefined index: 2017/01/15 D:\tools\phpStudy\WWW\olzb\Application\JBF\Controller\KQController.class.php 第 31 行.
NOTIC: [8] Undefined index: 2017/01/16 D:\tools\phpStudy\WWW\olzb\Application\JBF\Controller\KQController.class.php 第 31 行.
NOTIC: [8] Undefined index: 2017/01/17 D:\tools\phpStudy\WWW\olzb\Application\JBF\Controller\KQController.class.php 第 31 行.
NOTIC: [8] Undefined index: 2017/01/18 D:\tools\phpStudy\WWW\olzb\Application\JBF\Controller\KQController.class.php 第 31 行.
NOTIC: [8] Undefined index: 2017/01/19 D:\tools\phpStudy\WWW\olzb\Application\JBF\Controller\KQController.class.php 第 31 行.
NOTIC: [8] Undefined index: 2017/01/20 D:\tools\phpStudy\WWW\olzb\Application\JBF\Controller\KQController.class.php 第 31 行.
NOTIC: [8] Undefined index: 2017/01/21 D:\tools\phpStudy\WWW\olzb\Application\JBF\Controller\KQController.class.php 第 31 行.
NOTIC: [8] Undefined index: 2017/01/22 D:\tools\phpStudy\WWW\olzb\Application\JBF\Controller\KQController.class.php 第 31 行.
NOTIC: [8] Undefined index: 2017/01/24 D:\tools\phpStudy\WWW\olzb\Application\JBF\Controller\KQController.class.php 第 31 行.
NOTIC: [8] Undefined index: 2017/01/25 D:\tools\phpStudy\WWW\olzb\Application\JBF\Controller\KQController.class.php 第 31 行.
NOTIC: [8] Undefined index: 2017/01/26 D:\tools\phpStudy\WWW\olzb\Application\JBF\Controller\KQController.class.php 第 31 行.
NOTIC: [8] Undefined index: 2017/01/27 D:\tools\phpStudy\WWW\olzb\Application\JBF\Controller\KQController.class.php 第 31 行.
NOTIC: [8] Undefined index: 2017/01/30 D:\tools\phpStudy\WWW\olzb\Application\JBF\Controller\KQController.class.php 第 31 行.
NOTIC: [8] Undefined index: 2017/01/31 D:\tools\phpStudy\WWW\olzb\Application\JBF\Controller\KQController.class.php 第 31 行.
NOTIC: [8] Undefined index: 袁慧子 D:\tools\phpStudy\WWW\olzb\Application\JBF\Controller\KQController.class.php 第 27 行.
NOTIC: [8] Undefined index: 2017/01/01 D:\tools\phpStudy\WWW\olzb\Application\JBF\Controller\KQController.class.php 第 31 行.
NOTIC: [8] Undefined index: 2017/01/02 D:\tools\phpStudy\WWW\olzb\Application\JBF\Controller\KQController.class.php 第 31 行.
NOTIC: [8] Undefined index: 2017/01/04 D:\tools\phpStudy\WWW\olzb\Application\JBF\Controller\KQController.class.php 第 31 行.
NOTIC: [8] Undefined index: 2017/01/05 D:\tools\phpStudy\WWW\olzb\Application\JBF\Controller\KQController.class.php 第 31 行.
NOTIC: [8] Undefined index: 2017/01/06 D:\tools\phpStudy\WWW\olzb\Application\JBF\Controller\KQController.class.php 第 31 行.
NOTIC: [8] Undefined index: 2017/01/07 D:\tools\phpStudy\WWW\olzb\Application\JBF\Controller\KQController.class.php 第 31 行.
NOTIC: [8] Undefined index: 2017/01/08 D:\tools\phpStudy\WWW\olzb\Application\JBF\Controller\KQController.class.php 第 31 行.
NOTIC: [8] Undefined index: 2017/01/11 D:\tools\phpStudy\WWW\olzb\Application\JBF\Controller\KQController.class.php 第 31 行.
NOTIC: [8] Undefined index: 2017/01/12 D:\tools\phpStudy\WWW\olzb\Application\JBF\Controller\KQController.class.php 第 31 行.
NOTIC: [8] Undefined index: 2017/01/13 D:\tools\phpStudy\WWW\olzb\Application\JBF\Controller\KQController.class.php 第 31 行.
NOTIC: [8] Undefined index: 2017/01/14 D:\tools\phpStudy\WWW\olzb\Application\JBF\Controller\KQController.class.php 第 31 行.
NOTIC: [8] Undefined index: 2017/01/15 D:\tools\phpStudy\WWW\olzb\Application\JBF\Controller\KQController.class.php 第 31 行.
NOTIC: [8] Undefined index: 2017/01/16 D:\tools\phpStudy\WWW\olzb\Application\JBF\Controller\KQController.class.php 第 31 行.
NOTIC: [8] Undefined index: 2017/01/17 D:\tools\phpStudy\WWW\olzb\Application\JBF\Controller\KQController.class.php 第 31 行.
NOTIC: [8] Undefined index: 2017/01/18 D:\tools\phpStudy\WWW\olzb\Application\JBF\Controller\KQController.class.php 第 31 行.
NOTIC: [8] Undefined index: 2017/01/19 D:\tools\phpStudy\WWW\olzb\Application\JBF\Controller\KQController.class.php 第 31 行.
NOTIC: [8] Undefined index: 2017/01/21 D:\tools\phpStudy\WWW\olzb\Application\JBF\Controller\KQController.class.php 第 31 行.
NOTIC: [8] Undefined index: 2017/01/22 D:\tools\phpStudy\WWW\olzb\Application\JBF\Controller\KQController.class.php 第 31 行.
NOTIC: [8] Undefined index: 2017/01/23 D:\tools\phpStudy\WWW\olzb\Application\JBF\Controller\KQController.class.php 第 31 行.
NOTIC: [8] Undefined index: 2017/01/24 D:\tools\phpStudy\WWW\olzb\Application\JBF\Controller\KQController.class.php 第 31 行.
NOTIC: [8] Undefined index: 2017/01/25 D:\tools\phpStudy\WWW\olzb\Application\JBF\Controller\KQController.class.php 第 31 行.
NOTIC: [8] Undefined index: 周莉莉 D:\tools\phpStudy\WWW\olzb\Application\JBF\Controller\KQController.class.php 第 27 行.
NOTIC: [8] Undefined index: 2017/01/01 D:\tools\phpStudy\WWW\olzb\Application\JBF\Controller\KQController.class.php 第 31 行.
NOTIC: [8] Undefined index: 2017/01/02 D:\tools\phpStudy\WWW\olzb\Application\JBF\Controller\KQController.class.php 第 31 行.
NOTIC: [8] Undefined index: 2017/01/03 D:\tools\phpStudy\WWW\olzb\Application\JBF\Controller\KQController.class.php 第 31 行.
NOTIC: [8] Undefined index: 2017/01/04 D:\tools\phpStudy\WWW\olzb\Application\JBF\Controller\KQController.class.php 第 31 行.
NOTIC: [8] Undefined index: 2017/01/05 D:\tools\phpStudy\WWW\olzb\Application\JBF\Controller\KQController.class.php 第 31 行.
NOTIC: [8] Undefined index: 2017/01/07 D:\tools\phpStudy\WWW\olzb\Application\JBF\Controller\KQController.class.php 第 31 行.
NOTIC: [8] Undefined index: 2017/01/08 D:\tools\phpStudy\WWW\olzb\Application\JBF\Controller\KQController.class.php 第 31 行.
NOTIC: [8] Undefined index: 2017/01/09 D:\tools\phpStudy\WWW\olzb\Application\JBF\Controller\KQController.class.php 第 31 行.
NOTIC: [8] Undefined index: 2017/01/10 D:\tools\phpStudy\WWW\olzb\Application\JBF\Controller\KQController.class.php 第 31 行.
NOTIC: [8] Undefined index: 2017/01/11 D:\tools\phpStudy\WWW\olzb\Application\JBF\Controller\KQController.class.php 第 31 行.
NOTIC: [8] Undefined index: 2017/01/12 D:\tools\phpStudy\WWW\olzb\Application\JBF\Controller\KQController.class.php 第 31 行.
NOTIC: [8] Undefined index: 2017/01/13 D:\tools\phpStudy\WWW\olzb\Application\JBF\Controller\KQController.class.php 第 31 行.
NOTIC: [8] Undefined index: 2017/01/15 D:\tools\phpStudy\WWW\olzb\Application\JBF\Controller\KQController.class.php 第 31 行.
NOTIC: [8] Undefined index: 2017/01/16 D:\tools\phpStudy\WWW\olzb\Application\JBF\Controller\KQController.class.php 第 31 行.
NOTIC: [8] Undefined index: 2017/01/17 D:\tools\phpStudy\WWW\olzb\Application\JBF\Controller\KQController.class.php 第 31 行.
NOTIC: [8] Undefined index: 2017/01/18 D:\tools\phpStudy\WWW\olzb\Application\JBF\Controller\KQController.class.php 第 31 行.
NOTIC: [8] Undefined index: 2017/01/19 D:\tools\phpStudy\WWW\olzb\Application\JBF\Controller\KQController.class.php 第 31 行.
NOTIC: [8] Undefined index: 2017/01/20 D:\tools\phpStudy\WWW\olzb\Application\JBF\Controller\KQController.class.php 第 31 行.
NOTIC: [8] Undefined index: 2017/01/21 D:\tools\phpStudy\WWW\olzb\Application\JBF\Controller\KQController.class.php 第 31 行.
NOTIC: [8] Undefined index: 2017/01/22 D:\tools\phpStudy\WWW\olzb\Application\JBF\Controller\KQController.class.php 第 31 行.
NOTIC: [8] Undefined index: 2017/01/23 D:\tools\phpStudy\WWW\olzb\Application\JBF\Controller\KQController.class.php 第 31 行.
NOTIC: [8] Undefined index: 2017/01/24 D:\tools\phpStudy\WWW\olzb\Application\JBF\Controller\KQController.class.php 第 31 行.
NOTIC: [2] sqlsrv_close() expects parameter 1 to be resource, null given D:\tools\phpStudy\WWW\olzb\Application\Common\Tools\ConnMssqlDB.class.php 第 43 行.
NOTIC: [8] Undefined index: 2017/01/02 D:\tools\phpStudy\WWW\olzb\Application\JBF\Controller\KQController.class.php 第 49 行.
NOTIC: [8] Undefined index: 2017/01/02 D:\tools\phpStudy\WWW\olzb\Application\JBF\Controller\KQController.class.php 第 49 行.
NOTIC: [8] Undefined index: 2017/01/03 D:\tools\phpStudy\WWW\olzb\Application\JBF\Controller\KQController.class.php 第 49 行.
NOTIC: [8] Undefined index: 2017/01/03 D:\tools\phpStudy\WWW\olzb\Application\JBF\Controller\KQController.class.php 第 49 行.
NOTIC: [8] Undefined index: 2017/01/04 D:\tools\phpStudy\WWW\olzb\Application\JBF\Controller\KQController.class.php 第 49 行.
NOTIC: [8] Undefined index: 2017/01/05 D:\tools\phpStudy\WWW\olzb\Application\JBF\Controller\KQController.class.php 第 49 行.
NOTIC: [8] Undefined index: 2017/01/06 D:\tools\phpStudy\WWW\olzb\Application\JBF\Controller\KQController.class.php 第 49 行.
NOTIC: [8] Undefined index: 2017/01/07 D:\tools\phpStudy\WWW\olzb\Application\JBF\Controller\KQController.class.php 第 49 行.
NOTIC: [8] Undefined index: 2017/01/08 D:\tools\phpStudy\WWW\olzb\Application\JBF\Controller\KQController.class.php 第 49 行.
NOTIC: [8] Undefined index: 2017/01/09 D:\tools\phpStudy\WWW\olzb\Application\JBF\Controller\KQController.class.php 第 49 行.
NOTIC: [8] Undefined index: 2017/01/10 D:\tools\phpStudy\WWW\olzb\Application\JBF\Controller\KQController.class.php 第 49 行.
NOTIC: [8] Undefined index: 2017/01/12 D:\tools\phpStudy\WWW\olzb\Application\JBF\Controller\KQController.class.php 第 49 行.
NOTIC: [8] Undefined index: 2017/01/13 D:\tools\phpStudy\WWW\olzb\Application\JBF\Controller\KQController.class.php 第 49 行.
NOTIC: [8] Undefined index: 2017/01/14 D:\tools\phpStudy\WWW\olzb\Application\JBF\Controller\KQController.class.php 第 49 行.
NOTIC: [8] Undefined index: 2017/01/15 D:\tools\phpStudy\WWW\olzb\Application\JBF\Controller\KQController.class.php 第 49 行.
NOTIC: [8] Undefined index: 2017/01/15 D:\tools\phpStudy\WWW\olzb\Application\JBF\Controller\KQController.class.php 第 49 行.
NOTIC: [8] Undefined index: 2017/01/16 D:\tools\phpStudy\WWW\olzb\Application\JBF\Controller\KQController.class.php 第 49 行.
NOTIC: [8] Undefined index: 2017/01/17 D:\tools\phpStudy\WWW\olzb\Application\JBF\Controller\KQController.class.php 第 49 行.
NOTIC: [8] Undefined index: 2017/01/18 D:\tools\phpStudy\WWW\olzb\Application\JBF\Controller\KQController.class.php 第 49 行.
NOTIC: [8] Undefined index: 2017/01/19 D:\tools\phpStudy\WWW\olzb\Application\JBF\Controller\KQController.class.php 第 49 行.
NOTIC: [8] Undefined index: 2017/01/20 D:\tools\phpStudy\WWW\olzb\Application\JBF\Controller\KQController.class.php 第 49 行.
NOTIC: [8] Undefined index: 2017/01/20 D:\tools\phpStudy\WWW\olzb\Application\JBF\Controller\KQController.class.php 第 49 行.
NOTIC: [8] Undefined index: 2017/01/21 D:\tools\phpStudy\WWW\olzb\Application\JBF\Controller\KQController.class.php 第 49 行.
NOTIC: [8] Undefined index: 2017/01/22 D:\tools\phpStudy\WWW\olzb\Application\JBF\Controller\KQController.class.php 第 49 行.
NOTIC: [8] Undefined index: 2017/01/23 D:\tools\phpStudy\WWW\olzb\Application\JBF\Controller\KQController.class.php 第 49 行.
NOTIC: [8] Undefined index: 2017/01/23 D:\tools\phpStudy\WWW\olzb\Application\JBF\Controller\KQController.class.php 第 49 行.
NOTIC: [8] Undefined index: 2017/01/23 D:\tools\phpStudy\WWW\olzb\Application\JBF\Controller\KQController.class.php 第 49 行.
NOTIC: [8] Undefined index: 2017/01/24 D:\tools\phpStudy\WWW\olzb\Application\JBF\Controller\KQController.class.php 第 49 行.
NOTIC: [8] Undefined index: 2017/01/25 D:\tools\phpStudy\WWW\olzb\Application\JBF\Controller\KQController.class.php 第 49 行.
NOTIC: [8] Undefined index: 2017/01/26 D:\tools\phpStudy\WWW\olzb\Application\JBF\Controller\KQController.class.php 第 49 行.
NOTIC: [8] Undefined index: 2017/01/26 D:\tools\phpStudy\WWW\olzb\Application\JBF\Controller\KQController.class.php 第 49 行.
NOTIC: [8] Undefined index: 2017/01/27 D:\tools\phpStudy\WWW\olzb\Application\JBF\Controller\KQController.class.php 第 49 行.
NOTIC: [8] Undefined index: 2017/01/27 D:\tools\phpStudy\WWW\olzb\Application\JBF\Controller\KQController.class.php 第 49 行.
NOTIC: [8] Undefined index: 2017/01/27 D:\tools\phpStudy\WWW\olzb\Application\JBF\Controller\KQController.class.php 第 49 行.
NOTIC: [8] Undefined index: 2017/01/27 D:\tools\phpStudy\WWW\olzb\Application\JBF\Controller\KQController.class.php 第 49 行.
NOTIC: [8] Undefined index: 2017/01/30 D:\tools\phpStudy\WWW\olzb\Application\JBF\Controller\KQController.class.php 第 49 行.
NOTIC: [8] Undefined index: 2017/01/30 D:\tools\phpStudy\WWW\olzb\Application\JBF\Controller\KQController.class.php 第 49 行.
NOTIC: [8] Undefined index: 2017/01/30 D:\tools\phpStudy\WWW\olzb\Application\JBF\Controller\KQController.class.php 第 49 行.
NOTIC: [8] Undefined index: 2017/01/30 D:\tools\phpStudy\WWW\olzb\Application\JBF\Controller\KQController.class.php 第 49 行.
NOTIC: [8] Undefined index: 2017/01/31 D:\tools\phpStudy\WWW\olzb\Application\JBF\Controller\KQController.class.php 第 49 行.
NOTIC: [8] Undefined index: 2017/01/31 D:\tools\phpStudy\WWW\olzb\Application\JBF\Controller\KQController.class.php 第 49 行.
NOTIC: [8] Undefined index: 2017/01/31 D:\tools\phpStudy\WWW\olzb\Application\JBF\Controller\KQController.class.php 第 49 行.
NOTIC: [8] Undefined index: 2017/01/31 D:\tools\phpStudy\WWW\olzb\Application\JBF\Controller\KQController.class.php 第 49 行.
NOTIC: [8] Use of undefined constant this - assumed 'this' D:\tools\phpStudy\WWW\olzb\Application\JBF\Controller\KQController.class.php 第 87 行.
INFO: [ view_parse ] --START--
INFO: [ template_filter ] --START--
INFO: Run Behavior\ContentReplaceBehavior [ RunTime:0.000000s ]
INFO: [ template_filter ] --END-- [ RunTime:0.000000s ]
INFO: Run Behavior\ParseTemplateBehavior [ RunTime:0.015001s ]
INFO: [ view_parse ] --END-- [ RunTime:0.015001s ]
INFO: [ view_filter ] --START--
INFO: Run Behavior\WriteHtmlCacheBehavior [ RunTime:0.001000s ]
INFO: [ view_filter ] --END-- [ RunTime:0.001000s ]
INFO: [ app_end ] --START--
INFO: Run Behavior\ShowPageTraceBehavior [ RunTime:0.001000s ]
INFO: [ app_end ] --END-- [ RunTime:0.002000s ]

[ 2017-02-09T17:32:34+08:00 ] 192.168.0.243 /olzb/index.php/JBF/KQ
INFO: [ app_init ] --START--
INFO: Run Behavior\BuildLiteBehavior [ RunTime:0.000000s ]
INFO: [ app_init ] --END-- [ RunTime:0.002000s ]
INFO: [ app_begin ] --START--
INFO: Run Behavior\ReadHtmlCacheBehavior [ RunTime:0.002000s ]
INFO: [ app_begin ] --END-- [ RunTime:0.002000s ]
NOTIC: [2] sqlsrv_close() expects parameter 1 to be resource, null given D:\tools\phpStudy\WWW\olzb\Application\Common\Tools\ConnMssqlDB.class.php 第 43 行.
NOTIC: [8] Undefined index: 黄琴 D:\tools\phpStudy\WWW\olzb\Application\JBF\Controller\KQController.class.php 第 27 行.
NOTIC: [8] Undefined index: 2017/01/01 D:\tools\phpStudy\WWW\olzb\Application\JBF\Controller\KQController.class.php 第 31 行.
NOTIC: [8] Undefined index: 2017/01/02 D:\tools\phpStudy\WWW\olzb\Application\JBF\Controller\KQController.class.php 第 31 行.
NOTIC: [8] Undefined index: 2017/01/03 D:\tools\phpStudy\WWW\olzb\Application\JBF\Controller\KQController.class.php 第 31 行.
NOTIC: [8] Undefined index: 2017/01/05 D:\tools\phpStudy\WWW\olzb\Application\JBF\Controller\KQController.class.php 第 31 行.
NOTIC: [8] Undefined index: 2017/01/06 D:\tools\phpStudy\WWW\olzb\Application\JBF\Controller\KQController.class.php 第 31 行.
NOTIC: [8] Undefined index: 2017/01/08 D:\tools\phpStudy\WWW\olzb\Application\JBF\Controller\KQController.class.php 第 31 行.
NOTIC: [8] Undefined index: 2017/01/09 D:\tools\phpStudy\WWW\olzb\Application\JBF\Controller\KQController.class.php 第 31 行.
NOTIC: [8] Undefined index: 2017/01/10 D:\tools\phpStudy\WWW\olzb\Application\JBF\Controller\KQController.class.php 第 31 行.
NOTIC: [8] Undefined index: 2017/01/11 D:\tools\phpStudy\WWW\olzb\Application\JBF\Controller\KQController.class.php 第 31 行.
NOTIC: [8] Undefined index: 2017/01/12 D:\tools\phpStudy\WWW\olzb\Application\JBF\Controller\KQController.class.php 第 31 行.
NOTIC: [8] Undefined index: 2017/01/13 D:\tools\phpStudy\WWW\olzb\Application\JBF\Controller\KQController.class.php 第 31 行.
NOTIC: [8] Undefined index: 2017/01/14 D:\tools\phpStudy\WWW\olzb\Application\JBF\Controller\KQController.class.php 第 31 行.
NOTIC: [8] Undefined index: 2017/01/16 D:\tools\phpStudy\WWW\olzb\Application\JBF\Controller\KQController.class.php 第 31 行.
NOTIC: [8] Undefined index: 2017/01/17 D:\tools\phpStudy\WWW\olzb\Application\JBF\Controller\KQController.class.php 第 31 行.
NOTIC: [8] Undefined index: 2017/01/18 D:\tools\phpStudy\WWW\olzb\Application\JBF\Controller\KQController.class.php 第 31 行.
NOTIC: [8] Undefined index: 2017/01/20 D:\tools\phpStudy\WWW\olzb\Application\JBF\Controller\KQController.class.php 第 31 行.
NOTIC: [8] Undefined index: 2017/01/21 D:\tools\phpStudy\WWW\olzb\Application\JBF\Controller\KQController.class.php 第 31 行.
NOTIC: [8] Undefined index: 2017/01/22 D:\tools\phpStudy\WWW\olzb\Application\JBF\Controller\KQController.class.php 第 31 行.
NOTIC: [8] Undefined index: 2017/01/24 D:\tools\phpStudy\WWW\olzb\Application\JBF\Controller\KQController.class.php 第 31 行.
NOTIC: [8] Undefined index: 2017/01/25 D:\tools\phpStudy\WWW\olzb\Application\JBF\Controller\KQController.class.php 第 31 行.
NOTIC: [8] Undefined index: 2017/01/26 D:\tools\phpStudy\WWW\olzb\Application\JBF\Controller\KQController.class.php 第 31 行.
NOTIC: [8] Undefined index: 李雪莲 D:\tools\phpStudy\WWW\olzb\Application\JBF\Controller\KQController.class.php 第 27 行.
NOTIC: [8] Undefined index: 2017/01/01 D:\tools\phpStudy\WWW\olzb\Application\JBF\Controller\KQController.class.php 第 31 行.
NOTIC: [8] Undefined index: 2017/01/02 D:\tools\phpStudy\WWW\olzb\Application\JBF\Controller\KQController.class.php 第 31 行.
NOTIC: [8] Undefined index: 2017/01/04 D:\tools\phpStudy\WWW\olzb\Application\JBF\Controller\KQController.class.php 第 31 行.
NOTIC: [8] Undefined index: 2017/01/05 D:\tools\phpStudy\WWW\olzb\Application\JBF\Controller\KQController.class.php 第 31 行.
NOTIC: [8] Undefined index: 2017/01/06 D:\tools\phpStudy\WWW\olzb\Application\JBF\Controller\KQController.class.php 第 31 行.
NOTIC: [8] Undefined index: 2017/01/07 D:\tools\phpStudy\WWW\olzb\Application\JBF\Controller\KQController.class.php 第 31 行.
NOTIC: [8] Undefined index: 2017/01/08 D:\tools\phpStudy\WWW\olzb\Application\JBF\Controller\KQController.class.php 第 31 行.
NOTIC: [8] Undefined index: 2017/01/09 D:\tools\phpStudy\WWW\olzb\Application\JBF\Controller\KQController.class.php 第 31 行.
NOTIC: [8] Undefined index: 2017/01/10 D:\tools\phpStudy\WWW\olzb\Application\JBF\Controller\KQController.class.php 第 31 行.
NOTIC: [8] Undefined index: 2017/01/11 D:\tools\phpStudy\WWW\olzb\Application\JBF\Controller\KQController.class.php 第 31 行.
NOTIC: [8] Undefined index: 2017/01/13 D:\tools\phpStudy\WWW\olzb\Application\JBF\Controller\KQController.class.php 第 31 行.
NOTIC: [8] Undefined index: 2017/01/14 D:\tools\phpStudy\WWW\olzb\Application\JBF\Controller\KQController.class.php 第 31 行.
NOTIC: [8] Undefined index: 2017/01/15 D:\tools\phpStudy\WWW\olzb\Application\JBF\Controller\KQController.class.php 第 31 行.
NOTIC: [8] Undefined index: 2017/01/16 D:\tools\phpStudy\WWW\olzb\Application\JBF\Controller\KQController.class.php 第 31 行.
NOTIC: [8] Undefined index: 2017/01/18 D:\tools\phpStudy\WWW\olzb\Application\JBF\Controller\KQController.class.php 第 31 行.
NOTIC: [8] Undefined index: 2017/01/19 D:\tools\phpStudy\WWW\olzb\Application\JBF\Controller\KQController.class.php 第 31 行.
NOTIC: [8] Undefined index: 2017/01/20 D:\tools\phpStudy\WWW\olzb\Application\JBF\Controller\KQController.class.php 第 31 行.
NOTIC: [8] Undefined index: 2017/01/21 D:\tools\phpStudy\WWW\olzb\Application\JBF\Controller\KQController.class.php 第 31 行.
NOTIC: [8] Undefined index: 2017/01/22 D:\tools\phpStudy\WWW\olzb\Application\JBF\Controller\KQController.class.php 第 31 行.
NOTIC: [8] Undefined index: 2017/01/24 D:\tools\phpStudy\WWW\olzb\Application\JBF\Controller\KQController.class.php 第 31 行.
NOTIC: [8] Undefined index: 2017/01/25 D:\tools\phpStudy\WWW\olzb\Application\JBF\Controller\KQController.class.php 第 31 行.
NOTIC: [8] Undefined index: 2017/01/26 D:\tools\phpStudy\WWW\olzb\Application\JBF\Controller\KQController.class.php 第 31 行.
NOTIC: [8] Undefined index: 2017/01/27 D:\tools\phpStudy\WWW\olzb\Application\JBF\Controller\KQController.class.php 第 31 行.
NOTIC: [8] Undefined index: 2017/01/30 D:\tools\phpStudy\WWW\olzb\Application\JBF\Controller\KQController.class.php 第 31 行.
NOTIC: [8] Undefined index: 2017/01/31 D:\tools\phpStudy\WWW\olzb\Application\JBF\Controller\KQController.class.php 第 31 行.
NOTIC: [8] Undefined index: 裴又臻 D:\tools\phpStudy\WWW\olzb\Application\JBF\Controller\KQController.class.php 第 27 行.
NOTIC: [8] Undefined index: 2017/01/01 D:\tools\phpStudy\WWW\olzb\Application\JBF\Controller\KQController.class.php 第 31 行.
NOTIC: [8] Undefined index: 2017/01/02 D:\tools\phpStudy\WWW\olzb\Application\JBF\Controller\KQController.class.php 第 31 行.
NOTIC: [8] Undefined index: 2017/01/03 D:\tools\phpStudy\WWW\olzb\Application\JBF\Controller\KQController.class.php 第 31 行.
NOTIC: [8] Undefined index: 2017/01/04 D:\tools\phpStudy\WWW\olzb\Application\JBF\Controller\KQController.class.php 第 31 行.
NOTIC: [8] Undefined index: 2017/01/05 D:\tools\phpStudy\WWW\olzb\Application\JBF\Controller\KQController.class.php 第 31 行.
NOTIC: [8] Undefined index: 2017/01/06 D:\tools\phpStudy\WWW\olzb\Application\JBF\Controller\KQController.class.php 第 31 行.
NOTIC: [8] Undefined index: 2017/01/07 D:\tools\phpStudy\WWW\olzb\Application\JBF\Controller\KQController.class.php 第 31 行.
NOTIC: [8] Undefined index: 2017/01/08 D:\tools\phpStudy\WWW\olzb\Application\JBF\Controller\KQController.class.php 第 31 行.
NOTIC: [8] Undefined index: 2017/01/09 D:\tools\phpStudy\WWW\olzb\Application\JBF\Controller\KQController.class.php 第 31 行.
NOTIC: [8] Undefined index: 2017/01/10 D:\tools\phpStudy\WWW\olzb\Application\JBF\Controller\KQController.class.php 第 31 行.
NOTIC: [8] Undefined index: 2017/01/11 D:\tools\phpStudy\WWW\olzb\Application\JBF\Controller\KQController.class.php 第 31 行.
NOTIC: [8] Undefined index: 2017/01/12 D:\tools\phpStudy\WWW\olzb\Application\JBF\Controller\KQController.class.php 第 31 行.
NOTIC: [8] Undefined index: 2017/01/13 D:\tools\phpStudy\WWW\olzb\Application\JBF\Controller\KQController.class.php 第 31 行.
NOTIC: [8] Undefined index: 2017/01/14 D:\tools\phpStudy\WWW\olzb\Application\JBF\Controller\KQController.class.php 第 31 行.
NOTIC: [8] Undefined index: 2017/01/15 D:\tools\phpStudy\WWW\olzb\Application\JBF\Controller\KQController.class.php 第 31 行.
NOTIC: [8] Undefined index: 2017/01/16 D:\tools\phpStudy\WWW\olzb\Application\JBF\Controller\KQController.class.php 第 31 行.
NOTIC: [8] Undefined index: 2017/01/17 D:\tools\phpStudy\WWW\olzb\Application\JBF\Controller\KQController.class.php 第 31 行.
NOTIC: [8] Undefined index: 2017/01/19 D:\tools\phpStudy\WWW\olzb\Application\JBF\Controller\KQController.class.php 第 31 行.
NOTIC: [8] Undefined index: 2017/01/23 D:\tools\phpStudy\WWW\olzb\Application\JBF\Controller\KQController.class.php 第 31 行.
NOTIC: [8] Undefined index: 2017/01/24 D:\tools\phpStudy\WWW\olzb\Application\JBF\Controller\KQController.class.php 第 31 行.
NOTIC: [8] Undefined index: 2017/01/25 D:\tools\phpStudy\WWW\olzb\Application\JBF\Controller\KQController.class.php 第 31 行.
NOTIC: [8] Undefined index: 2017/01/26 D:\tools\phpStudy\WWW\olzb\Application\JBF\Controller\KQController.class.php 第 31 行.
NOTIC: [8] Undefined index: 肖萍 D:\tools\phpStudy\WWW\olzb\Application\JBF\Controller\KQController.class.php 第 27 行.
NOTIC: [8] Undefined index: 2017/01/01 D:\tools\phpStudy\WWW\olzb\Application\JBF\Controller\KQController.class.php 第 31 行.
NOTIC: [8] Undefined index: 2017/01/03 D:\tools\phpStudy\WWW\olzb\Application\JBF\Controller\KQController.class.php 第 31 行.
NOTIC: [8] Undefined index: 2017/01/04 D:\tools\phpStudy\WWW\olzb\Application\JBF\Controller\KQController.class.php 第 31 行.
NOTIC: [8] Undefined index: 2017/01/05 D:\tools\phpStudy\WWW\olzb\Application\JBF\Controller\KQController.class.php 第 31 行.
NOTIC: [8] Undefined index: 2017/01/06 D:\tools\phpStudy\WWW\olzb\Application\JBF\Controller\KQController.class.php 第 31 行.
NOTIC: [8] Undefined index: 2017/01/07 D:\tools\phpStudy\WWW\olzb\Application\JBF\Controller\KQController.class.php 第 31 行.
NOTIC: [8] Undefined index: 2017/01/09 D:\tools\phpStudy\WWW\olzb\Application\JBF\Controller\KQController.class.php 第 31 行.
NOTIC: [8] Undefined index: 2017/01/10 D:\tools\phpStudy\WWW\olzb\Application\JBF\Controller\KQController.class.php 第 31 行.
NOTIC: [8] Undefined index: 2017/01/11 D:\tools\phpStudy\WWW\olzb\Application\JBF\Controller\KQController.class.php 第 31 行.
NOTIC: [8] Undefined index: 2017/01/12 D:\tools\phpStudy\WWW\olzb\Application\JBF\Controller\KQController.class.php 第 31 行.
NOTIC: [8] Undefined index: 2017/01/13 D:\tools\phpStudy\WWW\olzb\Application\JBF\Controller\KQController.class.php 第 31 行.
NOTIC: [8] Undefined index: 2017/01/14 D:\tools\phpStudy\WWW\olzb\Application\JBF\Controller\KQController.class.php 第 31 行.
NOTIC: [8] Undefined index: 2017/01/17 D:\tools\phpStudy\WWW\olzb\Application\JBF\Controller\KQController.class.php 第 31 行.
NOTIC: [8] Undefined index: 2017/01/18 D:\tools\phpStudy\WWW\olzb\Application\JBF\Controller\KQController.class.php 第 31 行.
NOTIC: [8] Undefined index: 2017/01/19 D:\tools\phpStudy\WWW\olzb\Application\JBF\Controller\KQController.class.php 第 31 行.
NOTIC: [8] Undefined index: 2017/01/20 D:\tools\phpStudy\WWW\olzb\Application\JBF\Controller\KQController.class.php 第 31 行.
NOTIC: [8] Undefined index: 2017/01/21 D:\tools\phpStudy\WWW\olzb\Application\JBF\Controller\KQController.class.php 第 31 行.
NOTIC: [8] Undefined index: 2017/01/22 D:\tools\phpStudy\WWW\olzb\Application\JBF\Controller\KQController.class.php 第 31 行.
NOTIC: [8] Undefined index: 2017/01/23 D:\tools\phpStudy\WWW\olzb\Application\JBF\Controller\KQController.class.php 第 31 行.
NOTIC: [8] Undefined index: 2017/01/25 D:\tools\phpStudy\WWW\olzb\Application\JBF\Controller\KQController.class.php 第 31 行.
NOTIC: [8] Undefined index: 2017/01/26 D:\tools\phpStudy\WWW\olzb\Application\JBF\Controller\KQController.class.php 第 31 行.
NOTIC: [8] Undefined index: 2017/01/27 D:\tools\phpStudy\WWW\olzb\Application\JBF\Controller\KQController.class.php 第 31 行.
NOTIC: [8] Undefined index: 2017/01/30 D:\tools\phpStudy\WWW\olzb\Application\JBF\Controller\KQController.class.php 第 31 行.
NOTIC: [8] Undefined index: 2017/01/31 D:\tools\phpStudy\WWW\olzb\Application\JBF\Controller\KQController.class.php 第 31 行.
NOTIC: [8] Undefined index: 易利萍 D:\tools\phpStudy\WWW\olzb\Application\JBF\Controller\KQController.class.php 第 27 行.
NOTIC: [8] Undefined index: 2017/01/01 D:\tools\phpStudy\WWW\olzb\Application\JBF\Controller\KQController.class.php 第 31 行.
NOTIC: [8] Undefined index: 2017/01/03 D:\tools\phpStudy\WWW\olzb\Application\JBF\Controller\KQController.class.php 第 31 行.
NOTIC: [8] Undefined index: 2017/01/04 D:\tools\phpStudy\WWW\olzb\Application\JBF\Controller\KQController.class.php 第 31 行.
NOTIC: [8] Undefined index: 2017/01/06 D:\tools\phpStudy\WWW\olzb\Application\JBF\Controller\KQController.class.php 第 31 行.
NOTIC: [8] Undefined index: 2017/01/07 D:\tools\phpStudy\WWW\olzb\Application\JBF\Controller\KQController.class.php 第 31 行.
NOTIC: [8] Undefined index: 2017/01/08 D:\tools\phpStudy\WWW\olzb\Application\JBF\Controller\KQController.class.php 第 31 行.
NOTIC: [8] Undefined index: 2017/01/09 D:\tools\phpStudy\WWW\olzb\Application\JBF\Controller\KQController.class.php 第 31 行.
NOTIC: [8] Undefined index: 2017/01/10 D:\tools\phpStudy\WWW\olzb\Application\JBF\Controller\KQController.class.php 第 31 行.
NOTIC: [8] Undefined index: 2017/01/11 D:\tools\phpStudy\WWW\olzb\Application\JBF\Controller\KQController.class.php 第 31 行.
NOTIC: [8] Undefined index: 2017/01/12 D:\tools\phpStudy\WWW\olzb\Application\JBF\Controller\KQController.class.php 第 31 行.
NOTIC: [8] Undefined index: 2017/01/14 D:\tools\phpStudy\WWW\olzb\Application\JBF\Controller\KQController.class.php 第 31 行.
NOTIC: [8] Undefined index: 2017/01/15 D:\tools\phpStudy\WWW\olzb\Application\JBF\Controller\KQController.class.php 第 31 行.
NOTIC: [8] Undefined index: 2017/01/16 D:\tools\phpStudy\WWW\olzb\Application\JBF\Controller\KQController.class.php 第 31 行.
NOTIC: [8] Undefined index: 2017/01/17 D:\tools\phpStudy\WWW\olzb\Application\JBF\Controller\KQController.class.php 第 31 行.
NOTIC: [8] Undefined index: 2017/01/18 D:\tools\phpStudy\WWW\olzb\Application\JBF\Controller\KQController.class.php 第 31 行.
NOTIC: [8] Undefined index: 2017/01/19 D:\tools\phpStudy\WWW\olzb\Application\JBF\Controller\KQController.class.php 第 31 行.
NOTIC: [8] Undefined index: 2017/01/20 D:\tools\phpStudy\WWW\olzb\Application\JBF\Controller\KQController.class.php 第 31 行.
NOTIC: [8] Undefined index: 2017/01/21 D:\tools\phpStudy\WWW\olzb\Application\JBF\Controller\KQController.class.php 第 31 行.
NOTIC: [8] Undefined index: 2017/01/22 D:\tools\phpStudy\WWW\olzb\Application\JBF\Controller\KQController.class.php 第 31 行.
NOTIC: [8] Undefined index: 2017/01/24 D:\tools\phpStudy\WWW\olzb\Application\JBF\Controller\KQController.class.php 第 31 行.
NOTIC: [8] Undefined index: 2017/01/25 D:\tools\phpStudy\WWW\olzb\Application\JBF\Controller\KQController.class.php 第 31 行.
NOTIC: [8] Undefined index: 2017/01/26 D:\tools\phpStudy\WWW\olzb\Application\JBF\Controller\KQController.class.php 第 31 行.
NOTIC: [8] Undefined index: 2017/01/27 D:\tools\phpStudy\WWW\olzb\Application\JBF\Controller\KQController.class.php 第 31 行.
NOTIC: [8] Undefined index: 2017/01/30 D:\tools\phpStudy\WWW\olzb\Application\JBF\Controller\KQController.class.php 第 31 行.
NOTIC: [8] Undefined index: 2017/01/31 D:\tools\phpStudy\WWW\olzb\Application\JBF\Controller\KQController.class.php 第 31 行.
NOTIC: [8] Undefined index: 袁慧子 D:\tools\phpStudy\WWW\olzb\Application\JBF\Controller\KQController.class.php 第 27 行.
NOTIC: [8] Undefined index: 2017/01/01 D:\tools\phpStudy\WWW\olzb\Application\JBF\Controller\KQController.class.php 第 31 行.
NOTIC: [8] Undefined index: 2017/01/02 D:\tools\phpStudy\WWW\olzb\Application\JBF\Controller\KQController.class.php 第 31 行.
NOTIC: [8] Undefined index: 2017/01/04 D:\tools\phpStudy\WWW\olzb\Application\JBF\Controller\KQController.class.php 第 31 行.
NOTIC: [8] Undefined index: 2017/01/05 D:\tools\phpStudy\WWW\olzb\Application\JBF\Controller\KQController.class.php 第 31 行.
NOTIC: [8] Undefined index: 2017/01/06 D:\tools\phpStudy\WWW\olzb\Application\JBF\Controller\KQController.class.php 第 31 行.
NOTIC: [8] Undefined index: 2017/01/07 D:\tools\phpStudy\WWW\olzb\Application\JBF\Controller\KQController.class.php 第 31 行.
NOTIC: [8] Undefined index: 2017/01/08 D:\tools\phpStudy\WWW\olzb\Application\JBF\Controller\KQController.class.php 第 31 行.
NOTIC: [8] Undefined index: 2017/01/11 D:\tools\phpStudy\WWW\olzb\Application\JBF\Controller\KQController.class.php 第 31 行.
NOTIC: [8] Undefined index: 2017/01/12 D:\tools\phpStudy\WWW\olzb\Application\JBF\Controller\KQController.class.php 第 31 行.
NOTIC: [8] Undefined index: 2017/01/13 D:\tools\phpStudy\WWW\olzb\Application\JBF\Controller\KQController.class.php 第 31 行.
NOTIC: [8] Undefined index: 2017/01/14 D:\tools\phpStudy\WWW\olzb\Application\JBF\Controller\KQController.class.php 第 31 行.
NOTIC: [8] Undefined index: 2017/01/15 D:\tools\phpStudy\WWW\olzb\Application\JBF\Controller\KQController.class.php 第 31 行.
NOTIC: [8] Undefined index: 2017/01/16 D:\tools\phpStudy\WWW\olzb\Application\JBF\Controller\KQController.class.php 第 31 行.
NOTIC: [8] Undefined index: 2017/01/17 D:\tools\phpStudy\WWW\olzb\Application\JBF\Controller\KQController.class.php 第 31 行.
NOTIC: [8] Undefined index: 2017/01/18 D:\tools\phpStudy\WWW\olzb\Application\JBF\Controller\KQController.class.php 第 31 行.
NOTIC: [8] Undefined index: 2017/01/19 D:\tools\phpStudy\WWW\olzb\Application\JBF\Controller\KQController.class.php 第 31 行.
NOTIC: [8] Undefined index: 2017/01/21 D:\tools\phpStudy\WWW\olzb\Application\JBF\Controller\KQController.class.php 第 31 行.
NOTIC: [8] Undefined index: 2017/01/22 D:\tools\phpStudy\WWW\olzb\Application\JBF\Controller\KQController.class.php 第 31 行.
NOTIC: [8] Undefined index: 2017/01/23 D:\tools\phpStudy\WWW\olzb\Application\JBF\Controller\KQController.class.php 第 31 行.
NOTIC: [8] Undefined index: 2017/01/24 D:\tools\phpStudy\WWW\olzb\Application\JBF\Controller\KQController.class.php 第 31 行.
NOTIC: [8] Undefined index: 2017/01/25 D:\tools\phpStudy\WWW\olzb\Application\JBF\Controller\KQController.class.php 第 31 行.
NOTIC: [8] Undefined index: 周莉莉 D:\tools\phpStudy\WWW\olzb\Application\JBF\Controller\KQController.class.php 第 27 行.
NOTIC: [8] Undefined index: 2017/01/01 D:\tools\phpStudy\WWW\olzb\Application\JBF\Controller\KQController.class.php 第 31 行.
NOTIC: [8] Undefined index: 2017/01/02 D:\tools\phpStudy\WWW\olzb\Application\JBF\Controller\KQController.class.php 第 31 行.
NOTIC: [8] Undefined index: 2017/01/03 D:\tools\phpStudy\WWW\olzb\Application\JBF\Controller\KQController.class.php 第 31 行.
NOTIC: [8] Undefined index: 2017/01/04 D:\tools\phpStudy\WWW\olzb\Application\JBF\Controller\KQController.class.php 第 31 行.
NOTIC: [8] Undefined index: 2017/01/05 D:\tools\phpStudy\WWW\olzb\Application\JBF\Controller\KQController.class.php 第 31 行.
NOTIC: [8] Undefined index: 2017/01/07 D:\tools\phpStudy\WWW\olzb\Application\JBF\Controller\KQController.class.php 第 31 行.
NOTIC: [8] Undefined index: 2017/01/08 D:\tools\phpStudy\WWW\olzb\Application\JBF\Controller\KQController.class.php 第 31 行.
NOTIC: [8] Undefined index: 2017/01/09 D:\tools\phpStudy\WWW\olzb\Application\JBF\Controller\KQController.class.php 第 31 行.
NOTIC: [8] Undefined index: 2017/01/10 D:\tools\phpStudy\WWW\olzb\Application\JBF\Controller\KQController.class.php 第 31 行.
NOTIC: [8] Undefined index: 2017/01/11 D:\tools\phpStudy\WWW\olzb\Application\JBF\Controller\KQController.class.php 第 31 行.
NOTIC: [8] Undefined index: 2017/01/12 D:\tools\phpStudy\WWW\olzb\Application\JBF\Controller\KQController.class.php 第 31 行.
NOTIC: [8] Undefined index: 2017/01/13 D:\tools\phpStudy\WWW\olzb\Application\JBF\Controller\KQController.class.php 第 31 行.
NOTIC: [8] Undefined index: 2017/01/15 D:\tools\phpStudy\WWW\olzb\Application\JBF\Controller\KQController.class.php 第 31 行.
NOTIC: [8] Undefined index: 2017/01/16 D:\tools\phpStudy\WWW\olzb\Application\JBF\Controller\KQController.class.php 第 31 行.
NOTIC: [8] Undefined index: 2017/01/17 D:\tools\phpStudy\WWW\olzb\Application\JBF\Controller\KQController.class.php 第 31 行.
NOTIC: [8] Undefined index: 2017/01/18 D:\tools\phpStudy\WWW\olzb\Application\JBF\Controller\KQController.class.php 第 31 行.
NOTIC: [8] Undefined index: 2017/01/19 D:\tools\phpStudy\WWW\olzb\Application\JBF\Controller\KQController.class.php 第 31 行.
NOTIC: [8] Undefined index: 2017/01/20 D:\tools\phpStudy\WWW\olzb\Application\JBF\Controller\KQController.class.php 第 31 行.
NOTIC: [8] Undefined index: 2017/01/21 D:\tools\phpStudy\WWW\olzb\Application\JBF\Controller\KQController.class.php 第 31 行.
NOTIC: [8] Undefined index: 2017/01/22 D:\tools\phpStudy\WWW\olzb\Application\JBF\Controller\KQController.class.php 第 31 行.
NOTIC: [8] Undefined index: 2017/01/23 D:\tools\phpStudy\WWW\olzb\Application\JBF\Controller\KQController.class.php 第 31 行.
NOTIC: [8] Undefined index: 2017/01/24 D:\tools\phpStudy\WWW\olzb\Application\JBF\Controller\KQController.class.php 第 31 行.
NOTIC: [2] sqlsrv_close() expects parameter 1 to be resource, null given D:\tools\phpStudy\WWW\olzb\Application\Common\Tools\ConnMssqlDB.class.php 第 43 行.
NOTIC: [8] Undefined index: 2017/01/02 D:\tools\phpStudy\WWW\olzb\Application\JBF\Controller\KQController.class.php 第 49 行.
NOTIC: [8] Undefined index: 2017/01/02 D:\tools\phpStudy\WWW\olzb\Application\JBF\Controller\KQController.class.php 第 49 行.
NOTIC: [8] Undefined index: 2017/01/03 D:\tools\phpStudy\WWW\olzb\Application\JBF\Controller\KQController.class.php 第 49 行.
NOTIC: [8] Undefined index: 2017/01/03 D:\tools\phpStudy\WWW\olzb\Application\JBF\Controller\KQController.class.php 第 49 行.
NOTIC: [8] Undefined index: 2017/01/04 D:\tools\phpStudy\WWW\olzb\Application\JBF\Controller\KQController.class.php 第 49 行.
NOTIC: [8] Undefined index: 2017/01/05 D:\tools\phpStudy\WWW\olzb\Application\JBF\Controller\KQController.class.php 第 49 行.
NOTIC: [8] Undefined index: 2017/01/06 D:\tools\phpStudy\WWW\olzb\Application\JBF\Controller\KQController.class.php 第 49 行.
NOTIC: [8] Undefined index: 2017/01/07 D:\tools\phpStudy\WWW\olzb\Application\JBF\Controller\KQController.class.php 第 49 行.
NOTIC: [8] Undefined index: 2017/01/08 D:\tools\phpStudy\WWW\olzb\Application\JBF\Controller\KQController.class.php 第 49 行.
NOTIC: [8] Undefined index: 2017/01/09 D:\tools\phpStudy\WWW\olzb\Application\JBF\Controller\KQController.class.php 第 49 行.
NOTIC: [8] Undefined index: 2017/01/10 D:\tools\phpStudy\WWW\olzb\Application\JBF\Controller\KQController.class.php 第 49 行.
NOTIC: [8] Undefined index: 2017/01/12 D:\tools\phpStudy\WWW\olzb\Application\JBF\Controller\KQController.class.php 第 49 行.
NOTIC: [8] Undefined index: 2017/01/13 D:\tools\phpStudy\WWW\olzb\Application\JBF\Controller\KQController.class.php 第 49 行.
NOTIC: [8] Undefined index: 2017/01/14 D:\tools\phpStudy\WWW\olzb\Application\JBF\Controller\KQController.class.php 第 49 行.
NOTIC: [8] Undefined index: 2017/01/15 D:\tools\phpStudy\WWW\olzb\Application\JBF\Controller\KQController.class.php 第 49 行.
NOTIC: [8] Undefined index: 2017/01/15 D:\tools\phpStudy\WWW\olzb\Application\JBF\Controller\KQController.class.php 第 49 行.
NOTIC: [8] Undefined index: 2017/01/16 D:\tools\phpStudy\WWW\olzb\Application\JBF\Controller\KQController.class.php 第 49 行.
NOTIC: [8] Undefined index: 2017/01/17 D:\tools\phpStudy\WWW\olzb\Application\JBF\Controller\KQController.class.php 第 49 行.
NOTIC: [8] Undefined index: 2017/01/18 D:\tools\phpStudy\WWW\olzb\Application\JBF\Controller\KQController.class.php 第 49 行.
NOTIC: [8] Undefined index: 2017/01/19 D:\tools\phpStudy\WWW\olzb\Application\JBF\Controller\KQController.class.php 第 49 行.
NOTIC: [8] Undefined index: 2017/01/20 D:\tools\phpStudy\WWW\olzb\Application\JBF\Controller\KQController.class.php 第 49 行.
NOTIC: [8] Undefined index: 2017/01/20 D:\tools\phpStudy\WWW\olzb\Application\JBF\Controller\KQController.class.php 第 49 行.
NOTIC: [8] Undefined index: 2017/01/21 D:\tools\phpStudy\WWW\olzb\Application\JBF\Controller\KQController.class.php 第 49 行.
NOTIC: [8] Undefined index: 2017/01/22 D:\tools\phpStudy\WWW\olzb\Application\JBF\Controller\KQController.class.php 第 49 行.
NOTIC: [8] Undefined index: 2017/01/23 D:\tools\phpStudy\WWW\olzb\Application\JBF\Controller\KQController.class.php 第 49 行.
NOTIC: [8] Undefined index: 2017/01/23 D:\tools\phpStudy\WWW\olzb\Application\JBF\Controller\KQController.class.php 第 49 行.
NOTIC: [8] Undefined index: 2017/01/23 D:\tools\phpStudy\WWW\olzb\Application\JBF\Controller\KQController.class.php 第 49 行.
NOTIC: [8] Undefined index: 2017/01/24 D:\tools\phpStudy\WWW\olzb\Application\JBF\Controller\KQController.class.php 第 49 行.
NOTIC: [8] Undefined index: 2017/01/25 D:\tools\phpStudy\WWW\olzb\Application\JBF\Controller\KQController.class.php 第 49 行.
NOTIC: [8] Undefined index: 2017/01/26 D:\tools\phpStudy\WWW\olzb\Application\JBF\Controller\KQController.class.php 第 49 行.
NOTIC: [8] Undefined index: 2017/01/26 D:\tools\phpStudy\WWW\olzb\Application\JBF\Controller\KQController.class.php 第 49 行.
NOTIC: [8] Undefined index: 2017/01/27 D:\tools\phpStudy\WWW\olzb\Application\JBF\Controller\KQController.class.php 第 49 行.
NOTIC: [8] Undefined index: 2017/01/27 D:\tools\phpStudy\WWW\olzb\Application\JBF\Controller\KQController.class.php 第 49 行.
NOTIC: [8] Undefined index: 2017/01/27 D:\tools\phpStudy\WWW\olzb\Application\JBF\Controller\KQController.class.php 第 49 行.
NOTIC: [8] Undefined index: 2017/01/27 D:\tools\phpStudy\WWW\olzb\Application\JBF\Controller\KQController.class.php 第 49 行.
NOTIC: [8] Undefined index: 2017/01/30 D:\tools\phpStudy\WWW\olzb\Application\JBF\Controller\KQController.class.php 第 49 行.
NOTIC: [8] Undefined index: 2017/01/30 D:\tools\phpStudy\WWW\olzb\Application\JBF\Controller\KQController.class.php 第 49 行.
NOTIC: [8] Undefined index: 2017/01/30 D:\tools\phpStudy\WWW\olzb\Application\JBF\Controller\KQController.class.php 第 49 行.
NOTIC: [8] Undefined index: 2017/01/30 D:\tools\phpStudy\WWW\olzb\Application\JBF\Controller\KQController.class.php 第 49 行.
NOTIC: [8] Undefined index: 2017/01/31 D:\tools\phpStudy\WWW\olzb\Application\JBF\Controller\KQController.class.php 第 49 行.
NOTIC: [8] Undefined index: 2017/01/31 D:\tools\phpStudy\WWW\olzb\Application\JBF\Controller\KQController.class.php 第 49 行.
NOTIC: [8] Undefined index: 2017/01/31 D:\tools\phpStudy\WWW\olzb\Application\JBF\Controller\KQController.class.php 第 49 行.
NOTIC: [8] Undefined index: 2017/01/31 D:\tools\phpStudy\WWW\olzb\Application\JBF\Controller\KQController.class.php 第 49 行.
NOTIC: [8] Use of undefined constant this - assumed 'this' D:\tools\phpStudy\WWW\olzb\Application\JBF\Controller\KQController.class.php 第 87 行.
INFO: [ view_parse ] --START--
INFO: [ template_filter ] --START--
INFO: Run Behavior\ContentReplaceBehavior [ RunTime:0.000000s ]
INFO: [ template_filter ] --END-- [ RunTime:0.000000s ]
INFO: Run Behavior\ParseTemplateBehavior [ RunTime:0.016001s ]
INFO: [ view_parse ] --END-- [ RunTime:0.016001s ]
INFO: [ view_filter ] --START--
INFO: Run Behavior\WriteHtmlCacheBehavior [ RunTime:0.001000s ]
INFO: [ view_filter ] --END-- [ RunTime:0.001000s ]
INFO: [ app_end ] --START--
INFO: Run Behavior\ShowPageTraceBehavior [ RunTime:0.002000s ]
INFO: [ app_end ] --END-- [ RunTime:0.002000s ]

[ 2017-02-09T18:19:02+08:00 ] 119.103.224.251 /olzb/index.php/JBF/Sale/index.html
INFO: [ app_init ] --START--
INFO: Run Behavior\BuildLiteBehavior [ RunTime:0.000000s ]
INFO: [ app_init ] --END-- [ RunTime:0.001000s ]
INFO: [ app_begin ] --START--
INFO: Run Behavior\ReadHtmlCacheBehavior [ RunTime:0.001000s ]
INFO: [ app_begin ] --END-- [ RunTime:0.002000s ]
NOTIC: [8] Undefined index: saledate D:\tools\phpStudy\WWW\olzb\Application\JBF\Controller\SaleController.class.php 第 11 行.
NOTIC: [2] sqlsrv_close() expects parameter 1 to be resource, null given D:\tools\phpStudy\WWW\olzb\Application\Common\Tools\ConnMssqlDB.class.php 第 43 行.
NOTIC: [2] Missing argument 1 for Think\Controller::show(), called in D:\tools\phpStudy\WWW\olzb\Application\JBF\Controller\SaleController.class.php on line 82 and defined D:\tools\phpStudy\WWW\olzb\ThinkPHP\Library\Think\Controller.class.php 第 68 行.
NOTIC: [8] Undefined variable: content D:\tools\phpStudy\WWW\olzb\ThinkPHP\Library\Think\Controller.class.php 第 69 行.
INFO: [ view_parse ] --START--
INFO: [ template_filter ] --START--
INFO: Run Behavior\ContentReplaceBehavior [ RunTime:0.000000s ]
INFO: [ template_filter ] --END-- [ RunTime:0.000000s ]
INFO: Run Behavior\ParseTemplateBehavior [ RunTime:0.019001s ]
INFO: [ view_parse ] --END-- [ RunTime:0.019001s ]
INFO: [ view_filter ] --START--
INFO: Run Behavior\WriteHtmlCacheBehavior [ RunTime:0.001000s ]
INFO: [ view_filter ] --END-- [ RunTime:0.001000s ]
INFO: [ app_end ] --START--
INFO: Run Behavior\ShowPageTraceBehavior [ RunTime:0.002001s ]
INFO: [ app_end ] --END-- [ RunTime:0.002001s ]

[ 2017-02-09T19:10:04+08:00 ] 171.82.182.233 /olzb/index.php/JBF/Sale/index.html
INFO: [ app_init ] --START--
INFO: Run Behavior\BuildLiteBehavior [ RunTime:0.000000s ]
INFO: [ app_init ] --END-- [ RunTime:0.001000s ]
INFO: [ app_begin ] --START--
INFO: Run Behavior\ReadHtmlCacheBehavior [ RunTime:0.002000s ]
INFO: [ app_begin ] --END-- [ RunTime:0.002000s ]
NOTIC: [2] sqlsrv_close() expects parameter 1 to be resource, null given D:\tools\phpStudy\WWW\olzb\Application\Common\Tools\ConnMssqlDB.class.php 第 43 行.
NOTIC: [2] Missing argument 1 for Think\Controller::show(), called in D:\tools\phpStudy\WWW\olzb\Application\JBF\Controller\SaleController.class.php on line 82 and defined D:\tools\phpStudy\WWW\olzb\ThinkPHP\Library\Think\Controller.class.php 第 68 行.
NOTIC: [8] Undefined variable: content D:\tools\phpStudy\WWW\olzb\ThinkPHP\Library\Think\Controller.class.php 第 69 行.
INFO: [ view_parse ] --START--
INFO: [ template_filter ] --START--
INFO: Run Behavior\ContentReplaceBehavior [ RunTime:0.000000s ]
INFO: [ template_filter ] --END-- [ RunTime:0.000000s ]
INFO: Run Behavior\ParseTemplateBehavior [ RunTime:0.019001s ]
INFO: [ view_parse ] --END-- [ RunTime:0.019001s ]
INFO: [ view_filter ] --START--
INFO: Run Behavior\WriteHtmlCacheBehavior [ RunTime:0.001000s ]
INFO: [ view_filter ] --END-- [ RunTime:0.001000s ]
INFO: [ app_end ] --START--
INFO: Run Behavior\ShowPageTraceBehavior [ RunTime:0.001000s ]
INFO: [ app_end ] --END-- [ RunTime:0.002000s ]

[ 2017-02-09T19:15:12+08:00 ] 119.103.224.251 /olzb/index.php/JBF/Sale/index.html
INFO: [ app_init ] --START--
INFO: Run Behavior\BuildLiteBehavior [ RunTime:0.000000s ]
INFO: [ app_init ] --END-- [ RunTime:0.001000s ]
INFO: [ app_begin ] --START--
INFO: Run Behavior\ReadHtmlCacheBehavior [ RunTime:0.001000s ]
INFO: [ app_begin ] --END-- [ RunTime:0.001000s ]
NOTIC: [2] sqlsrv_close() expects parameter 1 to be resource, null given D:\tools\phpStudy\WWW\olzb\Application\Common\Tools\ConnMssqlDB.class.php 第 43 行.
NOTIC: [2] Missing argument 1 for Think\Controller::show(), called in D:\tools\phpStudy\WWW\olzb\Application\JBF\Controller\SaleController.class.php on line 82 and defined D:\tools\phpStudy\WWW\olzb\ThinkPHP\Library\Think\Controller.class.php 第 68 行.
NOTIC: [8] Undefined variable: content D:\tools\phpStudy\WWW\olzb\ThinkPHP\Library\Think\Controller.class.php 第 69 行.
INFO: [ view_parse ] --START--
INFO: [ template_filter ] --START--
INFO: Run Behavior\ContentReplaceBehavior [ RunTime:0.000000s ]
INFO: [ template_filter ] --END-- [ RunTime:0.000000s ]
INFO: Run Behavior\ParseTemplateBehavior [ RunTime:0.019001s ]
INFO: [ view_parse ] --END-- [ RunTime:0.019001s ]
INFO: [ view_filter ] --START--
INFO: Run Behavior\WriteHtmlCacheBehavior [ RunTime:0.001000s ]
INFO: [ view_filter ] --END-- [ RunTime:0.001000s ]
INFO: [ app_end ] --START--
INFO: Run Behavior\ShowPageTraceBehavior [ RunTime:0.002000s ]
INFO: [ app_end ] --END-- [ RunTime:0.002000s ]

[ 2017-02-09T19:37:27+08:00 ] 119.103.224.251 /olzb/index.php/JBF/Sale/index.html
INFO: [ app_init ] --START--
INFO: Run Behavior\BuildLiteBehavior [ RunTime:0.000000s ]
INFO: [ app_init ] --END-- [ RunTime:0.001000s ]
INFO: [ app_begin ] --START--
INFO: Run Behavior\ReadHtmlCacheBehavior [ RunTime:0.001000s ]
INFO: [ app_begin ] --END-- [ RunTime:0.001000s ]
NOTIC: [2] sqlsrv_close() expects parameter 1 to be resource, null given D:\tools\phpStudy\WWW\olzb\Application\Common\Tools\ConnMssqlDB.class.php 第 43 行.
NOTIC: [2] Missing argument 1 for Think\Controller::show(), called in D:\tools\phpStudy\WWW\olzb\Application\JBF\Controller\SaleController.class.php on line 82 and defined D:\tools\phpStudy\WWW\olzb\ThinkPHP\Library\Think\Controller.class.php 第 68 行.
NOTIC: [8] Undefined variable: content D:\tools\phpStudy\WWW\olzb\ThinkPHP\Library\Think\Controller.class.php 第 69 行.
INFO: [ view_parse ] --START--
INFO: [ template_filter ] --START--
INFO: Run Behavior\ContentReplaceBehavior [ RunTime:0.000000s ]
INFO: [ template_filter ] --END-- [ RunTime:0.000000s ]
INFO: Run Behavior\ParseTemplateBehavior [ RunTime:0.018001s ]
INFO: [ view_parse ] --END-- [ RunTime:0.018001s ]
INFO: [ view_filter ] --START--
INFO: Run Behavior\WriteHtmlCacheBehavior [ RunTime:0.001000s ]
INFO: [ view_filter ] --END-- [ RunTime:0.002000s ]
INFO: [ app_end ] --START--
INFO: Run Behavior\ShowPageTraceBehavior [ RunTime:0.001000s ]
INFO: [ app_end ] --END-- [ RunTime:0.001000s ]

[ 2017-02-09T21:16:10+08:00 ] 192.168.0.243 /olzb/index.php/JBF/SalesAnalysis/index.html
INFO: [ app_init ] --START--
INFO: Run Behavior\BuildLiteBehavior [ RunTime:0.000000s ]
INFO: [ app_init ] --END-- [ RunTime:0.000000s ]
INFO: [ app_begin ] --START--
INFO: Run Behavior\ReadHtmlCacheBehavior [ RunTime:0.001001s ]
INFO: [ app_begin ] --END-- [ RunTime:0.001001s ]
NOTIC: [8] Undefined index: saledate D:\tools\phpStudy\WWW\olzb\Application\JBF\Controller\SalesAnalysisController.class.php 第 11 行.
NOTIC: [8] Undefined index: saleshop D:\tools\phpStudy\WWW\olzb\Application\JBF\Controller\SalesAnalysisController.class.php 第 12 行.
NOTIC: [2] sqlsrv_close() expects parameter 1 to be resource, null given D:\tools\phpStudy\WWW\olzb\Application\Common\Tools\ConnMssqlDB.class.php 第 43 行.
NOTIC: [2] Missing argument 1 for Think\Controller::show(), called in D:\tools\phpStudy\WWW\olzb\Application\JBF\Controller\SalesAnalysisController.class.php on line 284 and defined D:\tools\phpStudy\WWW\olzb\ThinkPHP\Library\Think\Controller.class.php 第 68 行.
NOTIC: [8] Undefined variable: content D:\tools\phpStudy\WWW\olzb\ThinkPHP\Library\Think\Controller.class.php 第 69 行.
INFO: [ view_parse ] --START--
INFO: [ template_filter ] --START--
INFO: Run Behavior\ContentReplaceBehavior [ RunTime:0.000000s ]
INFO: [ template_filter ] --END-- [ RunTime:0.000000s ]
INFO: Run Behavior\ParseTemplateBehavior [ RunTime:0.020001s ]
INFO: [ view_parse ] --END-- [ RunTime:0.020001s ]
INFO: [ view_filter ] --START--
INFO: Run Behavior\WriteHtmlCacheBehavior [ RunTime:0.000000s ]
INFO: [ view_filter ] --END-- [ RunTime:0.001000s ]
INFO: [ app_end ] --START--
INFO: Run Behavior\ShowPageTraceBehavior [ RunTime:0.002000s ]
INFO: [ app_end ] --END-- [ RunTime:0.002000s ]

[ 2017-02-09T21:16:27+08:00 ] 192.168.0.243 /olzb/index.php/JBF/SalesAnalysis/index.html
INFO: [ app_init ] --START--
INFO: Run Behavior\BuildLiteBehavior [ RunTime:0.000000s ]
INFO: [ app_init ] --END-- [ RunTime:0.001000s ]
INFO: [ app_begin ] --START--
INFO: Run Behavior\ReadHtmlCacheBehavior [ RunTime:0.001000s ]
INFO: [ app_begin ] --END-- [ RunTime:0.002000s ]
NOTIC: [2] sqlsrv_close() expects parameter 1 to be resource, null given D:\tools\phpStudy\WWW\olzb\Application\Common\Tools\ConnMssqlDB.class.php 第 43 行.
NOTIC: [2] Missing argument 1 for Think\Controller::show(), called in D:\tools\phpStudy\WWW\olzb\Application\JBF\Controller\SalesAnalysisController.class.php on line 284 and defined D:\tools\phpStudy\WWW\olzb\ThinkPHP\Library\Think\Controller.class.php 第 68 行.
NOTIC: [8] Undefined variable: content D:\tools\phpStudy\WWW\olzb\ThinkPHP\Library\Think\Controller.class.php 第 69 行.
INFO: [ view_parse ] --START--
INFO: [ template_filter ] --START--
INFO: Run Behavior\ContentReplaceBehavior [ RunTime:0.000000s ]
INFO: [ template_filter ] --END-- [ RunTime:0.001000s ]
INFO: Run Behavior\ParseTemplateBehavior [ RunTime:0.018001s ]
INFO: [ view_parse ] --END-- [ RunTime:0.018001s ]
INFO: [ view_filter ] --START--
INFO: Run Behavior\WriteHtmlCacheBehavior [ RunTime:0.000000s ]
INFO: [ view_filter ] --END-- [ RunTime:0.000000s ]
INFO: [ app_end ] --START--
INFO: Run Behavior\ShowPageTraceBehavior [ RunTime:0.001000s ]
INFO: [ app_end ] --END-- [ RunTime:0.001000s ]

[ 2017-02-09T22:11:47+08:00 ] 192.168.0.243 /olzb/index.php/JBF/SalesAnalysis/index.html
INFO: [ app_init ] --START--
INFO: Run Behavior\BuildLiteBehavior [ RunTime:0.000000s ]
INFO: [ app_init ] --END-- [ RunTime:0.002000s ]
INFO: [ app_begin ] --START--
INFO: Run Behavior\ReadHtmlCacheBehavior [ RunTime:0.002000s ]
INFO: [ app_begin ] --END-- [ RunTime:0.002000s ]
NOTIC: [8] Undefined index: saledate D:\tools\phpStudy\WWW\olzb\Application\JBF\Controller\SalesAnalysisController.class.php 第 11 行.
NOTIC: [8] Undefined index: saleshop D:\tools\phpStudy\WWW\olzb\Application\JBF\Controller\SalesAnalysisController.class.php 第 12 行.
NOTIC: [2] sqlsrv_close() expects parameter 1 to be resource, null given D:\tools\phpStudy\WWW\olzb\Application\Common\Tools\ConnMssqlDB.class.php 第 43 行.
NOTIC: [2] Missing argument 1 for Think\Controller::show(), called in D:\tools\phpStudy\WWW\olzb\Application\JBF\Controller\SalesAnalysisController.class.php on line 284 and defined D:\tools\phpStudy\WWW\olzb\ThinkPHP\Library\Think\Controller.class.php 第 68 行.
NOTIC: [8] Undefined variable: content D:\tools\phpStudy\WWW\olzb\ThinkPHP\Library\Think\Controller.class.php 第 69 行.
INFO: [ view_parse ] --START--
INFO: [ template_filter ] --START--
INFO: Run Behavior\ContentReplaceBehavior [ RunTime:0.000000s ]
INFO: [ template_filter ] --END-- [ RunTime:0.000000s ]
INFO: Run Behavior\ParseTemplateBehavior [ RunTime:0.019001s ]
INFO: [ view_parse ] --END-- [ RunTime:0.019001s ]
INFO: [ view_filter ] --START--
INFO: Run Behavior\WriteHtmlCacheBehavior [ RunTime:0.001000s ]
INFO: [ view_filter ] --END-- [ RunTime:0.001000s ]
INFO: [ app_end ] --START--
INFO: Run Behavior\ShowPageTraceBehavior [ RunTime:0.001000s ]
INFO: [ app_end ] --END-- [ RunTime:0.001000s ]

[ 2017-02-09T22:11:50+08:00 ] 192.168.0.243 /olzb/index.php/JBF/SalesAnalysis/index.html
INFO: [ app_init ] --START--
INFO: Run Behavior\BuildLiteBehavior [ RunTime:0.000000s ]
INFO: [ app_init ] --END-- [ RunTime:0.001000s ]
INFO: [ app_begin ] --START--
INFO: Run Behavior\ReadHtmlCacheBehavior [ RunTime:0.001000s ]
INFO: [ app_begin ] --END-- [ RunTime:0.001000s ]
NOTIC: [2] sqlsrv_close() expects parameter 1 to be resource, null given D:\tools\phpStudy\WWW\olzb\Application\Common\Tools\ConnMssqlDB.class.php 第 43 行.
NOTIC: [2] Missing argument 1 for Think\Controller::show(), called in D:\tools\phpStudy\WWW\olzb\Application\JBF\Controller\SalesAnalysisController.class.php on line 284 and defined D:\tools\phpStudy\WWW\olzb\ThinkPHP\Library\Think\Controller.class.php 第 68 行.
NOTIC: [8] Undefined variable: content D:\tools\phpStudy\WWW\olzb\ThinkPHP\Library\Think\Controller.class.php 第 69 行.
INFO: [ view_parse ] --START--
INFO: [ template_filter ] --START--
INFO: Run Behavior\ContentReplaceBehavior [ RunTime:0.000000s ]
INFO: [ template_filter ] --END-- [ RunTime:0.000000s ]
INFO: Run Behavior\ParseTemplateBehavior [ RunTime:0.018001s ]
INFO: [ view_parse ] --END-- [ RunTime:0.018001s ]
INFO: [ view_filter ] --START--
INFO: Run Behavior\WriteHtmlCacheBehavior [ RunTime:0.001000s ]
INFO: [ view_filter ] --END-- [ RunTime:0.001000s ]
INFO: [ app_end ] --START--
INFO: Run Behavior\ShowPageTraceBehavior [ RunTime:0.001000s ]
INFO: [ app_end ] --END-- [ RunTime:0.001000s ]

[ 2017-02-09T23:50:32+08:00 ] 119.103.224.251 /olzb/index.php/JBF/Sale/index.html
INFO: [ app_init ] --START--
INFO: Run Behavior\BuildLiteBehavior [ RunTime:0.000000s ]
INFO: [ app_init ] --END-- [ RunTime:0.002000s ]
INFO: [ app_begin ] --START--
INFO: Run Behavior\ReadHtmlCacheBehavior [ RunTime:0.001000s ]
INFO: [ app_begin ] --END-- [ RunTime:0.001000s ]
NOTIC: [8] Undefined index: saledate D:\tools\phpStudy\WWW\olzb\Application\JBF\Controller\SaleController.class.php 第 11 行.
NOTIC: [2] sqlsrv_close() expects parameter 1 to be resource, null given D:\tools\phpStudy\WWW\olzb\Application\Common\Tools\ConnMssqlDB.class.php 第 43 行.
NOTIC: [2] Missing argument 1 for Think\Controller::show(), called in D:\tools\phpStudy\WWW\olzb\Application\JBF\Controller\SaleController.class.php on line 82 and defined D:\tools\phpStudy\WWW\olzb\ThinkPHP\Library\Think\Controller.class.php 第 68 行.
NOTIC: [8] Undefined variable: content D:\tools\phpStudy\WWW\olzb\ThinkPHP\Library\Think\Controller.class.php 第 69 行.
INFO: [ view_parse ] --START--
INFO: [ template_filter ] --START--
INFO: Run Behavior\ContentReplaceBehavior [ RunTime:0.000000s ]
INFO: [ template_filter ] --END-- [ RunTime:0.000000s ]
INFO: Run Behavior\ParseTemplateBehavior [ RunTime:0.019001s ]
INFO: [ view_parse ] --END-- [ RunTime:0.019001s ]
INFO: [ view_filter ] --START--
INFO: Run Behavior\WriteHtmlCacheBehavior [ RunTime:0.001000s ]
INFO: [ view_filter ] --END-- [ RunTime:0.001000s ]
INFO: [ app_end ] --START--
INFO: Run Behavior\ShowPageTraceBehavior [ RunTime:0.001000s ]
INFO: [ app_end ] --END-- [ RunTime:0.002000s ]

